./instancias/rectas/r5.arq ./instancias/rectas/r5.tiro 0
../visualizador/instancias/r1.arq ../visualizador/instancias/r1.tiro 0
.././visualizador/instancias/r1.arq .././visualizador/instancias/r1.tiro 0
.././visualizador/instancias/rectas/r5.arq .././visualizador/instancias/rectas/r5.tiro 0
.././visualizador/instancias/rectas/r2.arq .././visualizador/instancias/rectas/r2.tiro 0
.././visualizador/instancias/rectas/r1.arq .././visualizador/instancias/rectas/r1.tiro 0
.././visualizador/instancias/rectas/r4.arq .././visualizador/instancias/rectas/r4.tiro 1
.././visualizador/instancias/rectas/r3.arq .././visualizador/instancias/rectas/r3.tiro 1
.././visualizador/instancias/cuadraticas/c3.arq .././visualizador/instancias/cuadraticas/c3.tiro 0
.././visualizador/instancias/cuadraticas/c1.arq .././visualizador/instancias/cuadraticas/c1.tiro 0
.././visualizador/instancias/cuadraticas/c2.arq .././visualizador/instancias/cuadraticas/c2.tiro 0
.././visualizador/instancias/cuadraticas/c5.arq .././visualizador/instancias/cuadraticas/c5.tiro 0
.././visualizador/instancias/cuadraticas/c4.arq .././visualizador/instancias/cuadraticas/c4.tiro 0
.././visualizador/instancias/fancy/tirolibre1.arq .././visualizador/instancias/fancy/tirolibre1.tiro 0
.././visualizador/instancias/cubicas/cb5.arq .././visualizador/instancias/cubicas/cb5.tiro 0
.././visualizador/instancias/cubicas/cb2.arq .././visualizador/instancias/cubicas/cb2.tiro 0
.././visualizador/instancias/cubicas/cb5.arq .././visualizador/instancias/cubicas/cb5.tiro 0
.././visualizador/instancias/cubicas/cb4.arq .././visualizador/instancias/cubicas/cb4.tiro 0
.././visualizador/instancias/cubicas/cb3.arq .././visualizador/instancias/cubicas/cb3.tiro 1
.././visualizador/instancias/cubicas/cb1.arq .././visualizador/instancias/cubicas/cb1.tiro 0
.././visualizador/instancias/fancy/tirolibre1.arq .././visualizador/instancias/fancy/tirolibre1.tiro 0
.././visualizador/instancias/cuadraticas/c2.arq .././visualizador/instancias/cuadraticas/c2.tiro 0
.././visualizador/instancias/cuadraticas/c1.arq .././visualizador/instancias/cuadraticas/c1.tiro 0
.././visualizador/instancias/cuadraticas/c4.arq .././visualizador/instancias/cuadraticas/c4.tiro 0
.././visualizador/instancias/cuadraticas/c5.arq .././visualizador/instancias/cuadraticas/c5.tiro 0
.././visualizador/instancias/cuadraticas/c3.arq .././visualizador/instancias/cuadraticas/c3.tiro 0
.././visualizador/instancias/rectas/r5.arq .././visualizador/instancias/rectas/r5.tiro 0
.././visualizador/instancias/rectas/r3.arq .././visualizador/instancias/rectas/r3.tiro 1
.././visualizador/instancias/rectas/r1.arq .././visualizador/instancias/rectas/r1.tiro 0
.././visualizador/instancias/rectas/r4.arq .././visualizador/instancias/rectas/r4.tiro 1
.././visualizador/instancias/rectas/r2.arq .././visualizador/instancias/rectas/r2.tiro 0
../visualizador/instancias/rectas/r1.arq ../visualizador/instancias/rectas/r1.tiro 0
../visualizador/instancias/rectas/r1.arq ../visualizador/instancias/rectas/r1.tiro 0
../visualizador/instancias/rectas/r1.arq ../visualizador/instancias/rectas/r1.tiro 0
../././visualizador/instancias/cubicas/cb2.arq ../././visualizador/instancias/cubicas/cb2.tiro 0
../././visualizador/instancias/cubicas/cb5.arq ../././visualizador/instancias/cubicas/cb5.tiro 0
../././visualizador/instancias/cubicas/cb4.arq ../././visualizador/instancias/cubicas/cb4.tiro 0
../././visualizador/instancias/cubicas/cb3.arq ../././visualizador/instancias/cubicas/cb3.tiro 1
../././visualizador/instancias/cubicas/cb1.arq ../././visualizador/instancias/cubicas/cb1.tiro 0
../././visualizador/instancias/fancy/tirolibre1.arq ../././visualizador/instancias/fancy/tirolibre1.tiro 0
../././visualizador/instancias/cuadraticas/c2.arq ../././visualizador/instancias/cuadraticas/c2.tiro 0
../././visualizador/instancias/cuadraticas/c1.arq ../././visualizador/instancias/cuadraticas/c1.tiro 0
../././visualizador/instancias/cuadraticas/c4.arq ../././visualizador/instancias/cuadraticas/c4.tiro 0
../././visualizador/instancias/cuadraticas/c5.arq ../././visualizador/instancias/cuadraticas/c5.tiro 0
../././visualizador/instancias/cuadraticas/c3.arq ../././visualizador/instancias/cuadraticas/c3.tiro 0
../././visualizador/instancias/rectas/r5.arq ../././visualizador/instancias/rectas/r5.tiro 0
../././visualizador/instancias/rectas/r3.arq ../././visualizador/instancias/rectas/r3.tiro 1
../././visualizador/instancias/rectas/r1.arq ../././visualizador/instancias/rectas/r1.tiro 0
../././visualizador/instancias/rectas/r4.arq ../././visualizador/instancias/rectas/r4.tiro 1
../././visualizador/instancias/cubicas/cb2.arq ../././visualizador/instancias/cubicas/cb2.tiro 0
../././visualizador/instancias/cubicas/cb5.arq ../././visualizador/instancias/cubicas/cb5.tiro 0
../././visualizador/instancias/cubicas/cb4.arq ../././visualizador/instancias/cubicas/cb4.tiro 0
../././visualizador/instancias/cubicas/cb3.arq ../././visualizador/instancias/cubicas/cb3.tiro 1
../././visualizador/instancias/rectas/r5.arq ../././visualizador/instancias/rectas/r5.tiro 0
../././visualizador/instancias/rectas/r3.arq ../././visualizador/instancias/rectas/r3.tiro 1
../././visualizador/instancias/rectas/r1.arq ../././visualizador/instancias/rectas/r1.tiro 0
../././visualizador/instancias/rectas/r4.arq ../././visualizador/instancias/rectas/r4.tiro 1
../././visualizador/instancias/rectas/r2.arq ../././visualizador/instancias/rectas/r2.tiro 0
../././visualizador/instancias/rectas/r5.arq ../././visualizador/instancias/rectas/r5.tiro 0
../././visualizador/instancias/rectas/r3.arq ../././visualizador/instancias/rectas/r3.tiro 1
../././visualizador/instancias/rectas/lineal5.arq ../././visualizador/instancias/rectas/lineal5.tiro 1
../././visualizador/instancias/rectas/r1.arq ../././visualizador/instancias/rectas/r1.tiro 0
../././visualizador/instancias/rectas/lineal4.arq ../././visualizador/instancias/rectas/lineal4.tiro 0
../././visualizador/instancias/rectas/lineal6.arq ../././visualizador/instancias/rectas/lineal6.tiro 1
../././visualizador/instancias/rectas/lineal9.arq ../././visualizador/instancias/rectas/lineal9.tiro 1
../././visualizador/instancias/rectas/r4.arq ../././visualizador/instancias/rectas/r4.tiro 1
../././visualizador/instancias/rectas/lineal7.arq ../././visualizador/instancias/rectas/lineal7.tiro 1
../././visualizador/instancias/rectas/lineal2.arq ../././visualizador/instancias/rectas/lineal2.tiro 0
../././visualizador/instancias/rectas/lineal8.arq ../././visualizador/instancias/rectas/lineal8.tiro 1
../././visualizador/instancias/rectas/lineal10.arq ../././visualizador/instancias/rectas/lineal10.tiro 1
../././visualizador/instancias/rectas/r2.arq ../././visualizador/instancias/rectas/r2.tiro 0
../././visualizador/instancias/rectas/lineal3.arq ../././visualizador/instancias/rectas/lineal3.tiro 0
../././visualizador/instancias/rectas/r5.arq ../././visualizador/instancias/rectas/r5.tiro 1
../././visualizador/instancias/rectas/r3.arq ../././visualizador/instancias/rectas/r3.tiro 1
../././visualizador/instancias/rectas/lineal5.arq ../././visualizador/instancias/rectas/lineal5.tiro 1
../././visualizador/instancias/rectas/r1.arq ../././visualizador/instancias/rectas/r1.tiro 1
../././visualizador/instancias/rectas/lineal4.arq ../././visualizador/instancias/rectas/lineal4.tiro 1
../././visualizador/instancias/rectas/lineal6.arq ../././visualizador/instancias/rectas/lineal6.tiro 1
../././visualizador/instancias/rectas/lineal9.arq ../././visualizador/instancias/rectas/lineal9.tiro 1
../././visualizador/instancias/rectas/r4.arq ../././visualizador/instancias/rectas/r4.tiro 1
../././visualizador/instancias/rectas/lineal7.arq ../././visualizador/instancias/rectas/lineal7.tiro 1
../././visualizador/instancias/rectas/lineal2.arq ../././visualizador/instancias/rectas/lineal2.tiro 1
../././visualizador/instancias/rectas/lineal8.arq ../././visualizador/instancias/rectas/lineal8.tiro 1
../././visualizador/instancias/rectas/lineal10.arq ../././visualizador/instancias/rectas/lineal10.tiro 1
../././visualizador/instancias/rectas/r2.arq ../././visualizador/instancias/rectas/r2.tiro 1
../././visualizador/instancias/rectas/lineal3.arq ../././visualizador/instancias/rectas/lineal3.tiro 1
../././visualizador/instancias/instancias2/cp30.arq ../././visualizador/instancias/instancias2/cp30.tiro 1
../././visualizador/instancias/instancias2/rp30.arq ../././visualizador/instancias/instancias2/rp30.tiro 0
../././visualizador/instancias/instancias2/f2p90.arq ../././visualizador/instancias/instancias2/f2p90.tiro 1
../././visualizador/instancias/instancias2/cbp70.arq ../././visualizador/instancias/instancias2/cbp70.tiro 0
../././visualizador/instancias/instancias2/cbp30.arq ../././visualizador/instancias/instancias2/cbp30.tiro 0
../././visualizador/instancias/instancias2/rp70.arq ../././visualizador/instancias/instancias2/rp70.tiro 1
../././visualizador/instancias/instancias2/cp70.arq ../././visualizador/instancias/instancias2/cp70.tiro 0
../././visualizador/instancias/instancias2/fp70.arq ../././visualizador/instancias/instancias2/fp70.tiro 0
../././visualizador/instancias/instancias2/fp30.arq ../././visualizador/instancias/instancias2/fp30.tiro 1
../././visualizador/instancias/instancias3//4.arq ../././visualizador/instancias/instancias3//4.tiro 1
../././visualizador/instancias/instancias3//2.arq ../././visualizador/instancias/instancias3//2.tiro 0
../././visualizador/instancias/instancias3//3.arq ../././visualizador/instancias/instancias3//3.tiro 1
../././visualizador/instancias/instancias3//1.arq ../././visualizador/instancias/instancias3//1.tiro 0
../././visualizador/instancias/rectas/r5.arq ../././visualizador/instancias/rectas/r5.tiro 0
../././visualizador/instancias/rectas/r3.arq ../././visualizador/instancias/rectas/r3.tiro 1
../././visualizador/instancias/rectas/lineal5.arq ../././visualizador/instancias/rectas/lineal5.tiro 1
../././visualizador/instancias/rectas/r1.arq ../././visualizador/instancias/rectas/r1.tiro 0
../././visualizador/instancias/rectas/lineal4.arq ../././visualizador/instancias/rectas/lineal4.tiro 0
../././visualizador/instancias/rectas/lineal6.arq ../././visualizador/instancias/rectas/lineal6.tiro 1
../././visualizador/instancias/rectas/lineal9.arq ../././visualizador/instancias/rectas/lineal9.tiro 1
../././visualizador/instancias/rectas/r4.arq ../././visualizador/instancias/rectas/r4.tiro 1
../././visualizador/instancias/rectas/lineal7.arq ../././visualizador/instancias/rectas/lineal7.tiro 1
../././visualizador/instancias/rectas/lineal2.arq ../././visualizador/instancias/rectas/lineal2.tiro 0
../././visualizador/instancias/rectas/lineal8.arq ../././visualizador/instancias/rectas/lineal8.tiro 1
../././visualizador/instancias/rectas/lineal10.arq ../././visualizador/instancias/rectas/lineal10.tiro 1
../././visualizador/instancias/rectas/r2.arq ../././visualizador/instancias/rectas/r2.tiro 0
../././visualizador/instancias/rectas/lineal3.arq ../././visualizador/instancias/rectas/lineal3.tiro 0
../././visualizador/instancias/rectas/r5.arq ../././visualizador/instancias/rectas/r5.tiro 1
../././visualizador/instancias/rectas/r3.arq ../././visualizador/instancias/rectas/r3.tiro 1
../././visualizador/instancias/rectas/lineal5.arq ../././visualizador/instancias/rectas/lineal5.tiro 1
../././visualizador/instancias/rectas/r1.arq ../././visualizador/instancias/rectas/r1.tiro 1
../././visualizador/instancias/rectas/lineal4.arq ../././visualizador/instancias/rectas/lineal4.tiro 1
../././visualizador/instancias/rectas/lineal6.arq ../././visualizador/instancias/rectas/lineal6.tiro 1
../././visualizador/instancias/rectas/lineal9.arq ../././visualizador/instancias/rectas/lineal9.tiro 1
../././visualizador/instancias/rectas/r4.arq ../././visualizador/instancias/rectas/r4.tiro 1
../././visualizador/instancias/rectas/lineal7.arq ../././visualizador/instancias/rectas/lineal7.tiro 1
../././visualizador/instancias/rectas/lineal2.arq ../././visualizador/instancias/rectas/lineal2.tiro 1
../././visualizador/instancias/rectas/lineal8.arq ../././visualizador/instancias/rectas/lineal8.tiro 1
../././visualizador/instancias/rectas/lineal10.arq ../././visualizador/instancias/rectas/lineal10.tiro 1
../././visualizador/instancias/rectas/r2.arq ../././visualizador/instancias/rectas/r2.tiro 1
../././visualizador/instancias/rectas/lineal3.arq ../././visualizador/instancias/rectas/lineal3.tiro 1
../././visualizador/instancias/curvas/cuadr2.arq ../././visualizador/instancias/curvas/cuadr2.tiro 0
../././visualizador/instancias/curvas/c2.arq ../././visualizador/instancias/curvas/c2.tiro 0
../././visualizador/instancias/curvas/c1.arq ../././visualizador/instancias/curvas/c1.tiro 0
../././visualizador/instancias/curvas/cuadr10.arq ../././visualizador/instancias/curvas/cuadr10.tiro 0
../././visualizador/instancias/curvas/cb2.arq ../././visualizador/instancias/curvas/cb2.tiro 0
../././visualizador/instancias/curvas/c4.arq ../././visualizador/instancias/curvas/c4.tiro 0
../././visualizador/instancias/curvas/cuadr5.arq ../././visualizador/instancias/curvas/cuadr5.tiro 1
../././visualizador/instancias/curvas/cuadr9.arq ../././visualizador/instancias/curvas/cuadr9.tiro 0
../././visualizador/instancias/curvas/cuadr8.arq ../././visualizador/instancias/curvas/cuadr8.tiro 1
../././visualizador/instancias/curvas/cuadr4.arq ../././visualizador/instancias/curvas/cuadr4.tiro 0
../././visualizador/instancias/curvas/cb5.arq ../././visualizador/instancias/curvas/cb5.tiro 0
../././visualizador/instancias/curvas/cuadr6.arq ../././visualizador/instancias/curvas/cuadr6.tiro 0
../././visualizador/instancias/curvas/cuadr3.arq ../././visualizador/instancias/curvas/cuadr3.tiro 1
../././visualizador/instancias/curvas/c5.arq ../././visualizador/instancias/curvas/c5.tiro 0
../././visualizador/instancias/curvas/cb4.arq ../././visualizador/instancias/curvas/cb4.tiro 0
../././visualizador/instancias/curvas/cb3.arq ../././visualizador/instancias/curvas/cb3.tiro 1
../././visualizador/instancias/curvas/cb1.arq ../././visualizador/instancias/curvas/cb1.tiro 0
../././visualizador/instancias/curvas/cuadr7.arq ../././visualizador/instancias/curvas/cuadr7.tiro 1
../././visualizador/instancias/curvas/cuadr1.arq ../././visualizador/instancias/curvas/cuadr1.tiro 1
../././visualizador/instancias/curvas/c3.arq ../././visualizador/instancias/curvas/c3.tiro 0
../././visualizador/instancias/curvas/cuadr2.arq ../././visualizador/instancias/curvas/cuadr2.tiro 0
../././visualizador/instancias/curvas/c2.arq ../././visualizador/instancias/curvas/c2.tiro 1
../././visualizador/instancias/curvas/c1.arq ../././visualizador/instancias/curvas/c1.tiro 0
../././visualizador/instancias/curvas/cuadr10.arq ../././visualizador/instancias/curvas/cuadr10.tiro 0
../././visualizador/instancias/curvas/cb2.arq ../././visualizador/instancias/curvas/cb2.tiro 0
../././visualizador/instancias/curvas/c4.arq ../././visualizador/instancias/curvas/c4.tiro 0
../././visualizador/instancias/curvas/cuadr5.arq ../././visualizador/instancias/curvas/cuadr5.tiro 0
../././visualizador/instancias/curvas/cuadr9.arq ../././visualizador/instancias/curvas/cuadr9.tiro 0
../././visualizador/instancias/curvas/cuadr8.arq ../././visualizador/instancias/curvas/cuadr8.tiro 0
../././visualizador/instancias/curvas/cuadr4.arq ../././visualizador/instancias/curvas/cuadr4.tiro 0
../././visualizador/instancias/curvas/cb5.arq ../././visualizador/instancias/curvas/cb5.tiro 0
../././visualizador/instancias/curvas/cuadr6.arq ../././visualizador/instancias/curvas/cuadr6.tiro 1
../././visualizador/instancias/curvas/cuadr3.arq ../././visualizador/instancias/curvas/cuadr3.tiro 0
../././visualizador/instancias/curvas/c5.arq ../././visualizador/instancias/curvas/c5.tiro 0
../././visualizador/instancias/curvas/cb4.arq ../././visualizador/instancias/curvas/cb4.tiro 0
../././visualizador/instancias/curvas/cb3.arq ../././visualizador/instancias/curvas/cb3.tiro 0
../././visualizador/instancias/curvas/cb1.arq ../././visualizador/instancias/curvas/cb1.tiro 0
../././visualizador/instancias/curvas/cuadr7.arq ../././visualizador/instancias/curvas/cuadr7.tiro 0
../././visualizador/instancias/curvas/c3.arq ../././visualizador/instancias/curvas/c3.tiro 0
../././visualizador/instancias/instancias2/cp30.arq ../././visualizador/instancias/instancias2/cp30.tiro 1
../././visualizador/instancias/instancias2/rp30.arq ../././visualizador/instancias/instancias2/rp30.tiro 0
../././visualizador/instancias/instancias2/f2p90.arq ../././visualizador/instancias/instancias2/f2p90.tiro 1
../././visualizador/instancias/instancias2/cbp70.arq ../././visualizador/instancias/instancias2/cbp70.tiro 0
../././visualizador/instancias/instancias2/cbp30.arq ../././visualizador/instancias/instancias2/cbp30.tiro 0
../././visualizador/instancias/instancias2/rp70.arq ../././visualizador/instancias/instancias2/rp70.tiro 1
../././visualizador/instancias/instancias2/cp70.arq ../././visualizador/instancias/instancias2/cp70.tiro 0
../././visualizador/instancias/instancias2/fp70.arq ../././visualizador/instancias/instancias2/fp70.tiro 0
../././visualizador/instancias/instancias2/fp30.arq ../././visualizador/instancias/instancias2/fp30.tiro 1
../././visualizador/instancias/instancias2/cp30.arq ../././visualizador/instancias/instancias2/cp30.tiro 1
../././visualizador/instancias/instancias2/rp30.arq ../././visualizador/instancias/instancias2/rp30.tiro 1
../././visualizador/instancias/instancias2/f2p90.arq ../././visualizador/instancias/instancias2/f2p90.tiro 1
../././visualizador/instancias/instancias2/cbp70.arq ../././visualizador/instancias/instancias2/cbp70.tiro 0
../././visualizador/instancias/instancias2/cbp30.arq ../././visualizador/instancias/instancias2/cbp30.tiro 1
../././visualizador/instancias/instancias2/rp70.arq ../././visualizador/instancias/instancias2/rp70.tiro 1
../././visualizador/instancias/instancias2/cp70.arq ../././visualizador/instancias/instancias2/cp70.tiro 0
../././visualizador/instancias/instancias2/fp70.arq ../././visualizador/instancias/instancias2/fp70.tiro 0
../././visualizador/instancias/instancias2/fp30.arq ../././visualizador/instancias/instancias2/fp30.tiro 0
../././visualizador/instancias/instancias3/4.arq ../././visualizador/instancias/instancias3/4.tiro 0
../././visualizador/instancias/instancias3/2.arq ../././visualizador/instancias/instancias3/2.tiro 1
../././visualizador/instancias/instancias3/3.arq ../././visualizador/instancias/instancias3/3.tiro 0
../././visualizador/instancias/instancias3/1.arq ../././visualizador/instancias/instancias3/1.tiro 0
../././visualizador/instancias/instancias3/4.arq ../././visualizador/instancias/instancias3/4.tiro 1
../././visualizador/instancias/instancias3/2.arq ../././visualizador/instancias/instancias3/2.tiro 0
../././visualizador/instancias/instancias3/3.arq ../././visualizador/instancias/instancias3/3.tiro 1
../././visualizador/instancias/instancias3/1.arq ../././visualizador/instancias/instancias3/1.tiro 0
../././visualizador/instancias/curvas/cuadr2.arq ../././visualizador/instancias/curvas/cuadr2.tiro 0
../././visualizador/instancias/curvas/cuadr10.arq ../././visualizador/instancias/curvas/cuadr10.tiro 0
../././visualizador/instancias/curvas/cb2.arq ../././visualizador/instancias/curvas/cb2.tiro 0
../././visualizador/instancias/curvas/cuadr5.arq ../././visualizador/instancias/curvas/cuadr5.tiro 0
../././visualizador/instancias/curvas/cuadr9.arq ../././visualizador/instancias/curvas/cuadr9.tiro 0
../././visualizador/instancias/curvas/cuadr8.arq ../././visualizador/instancias/curvas/cuadr8.tiro 0
../././visualizador/instancias/curvas/cuadr4.arq ../././visualizador/instancias/curvas/cuadr4.tiro 0
../././visualizador/instancias/curvas/cb5.arq ../././visualizador/instancias/curvas/cb5.tiro 0
../././visualizador/instancias/curvas/cuadr6.arq ../././visualizador/instancias/curvas/cuadr6.tiro 1
../././visualizador/instancias/curvas/cuadr3.arq ../././visualizador/instancias/curvas/cuadr3.tiro 0
../././visualizador/instancias/curvas/c5.arq ../././visualizador/instancias/curvas/c5.tiro 0
../././visualizador/instancias/curvas/cb4.arq ../././visualizador/instancias/curvas/cb4.tiro 0
../././visualizador/instancias/curvas/cb3.arq ../././visualizador/instancias/curvas/cb3.tiro 0
../././visualizador/instancias/curvas/cb1.arq ../././visualizador/instancias/curvas/cb1.tiro 0
../././visualizador/instancias/curvas/cuadr7.arq ../././visualizador/instancias/curvas/cuadr7.tiro 0
.././visualizador/instancias/curvas/cuadr3.arq .././visualizador/instancias/curvas/cuadr3.tiro 0
.././visualizador/instancias/curvas/c3.arq .././visualizador/instancias/curvas/c3.tiro 0
.././visualizador/instancias/curvas/cuadr2.arq .././visualizador/instancias/curvas/cuadr2.tiro 0
.././visualizador/instancias/curvas/c1.arq .././visualizador/instancias/curvas/c1.tiro 0
.././visualizador/instancias/curvas/cb5.arq .././visualizador/instancias/curvas/cb5.tiro 0
.././visualizador/instancias/curvas/c2.arq .././visualizador/instancias/curvas/c2.tiro 1
.././visualizador/instancias/curvas/cuadr10.arq .././visualizador/instancias/curvas/cuadr10.tiro 0
.././visualizador/instancias/curvas/cb4.arq .././visualizador/instancias/curvas/cb4.tiro 0
.././visualizador/instancias/curvas/cb3.arq .././visualizador/instancias/curvas/cb3.tiro 0
.././visualizador/instancias/curvas/c5.arq .././visualizador/instancias/curvas/c5.tiro 0
.././visualizador/instancias/curvas/cuadr9.arq .././visualizador/instancias/curvas/cuadr9.tiro 0
.././visualizador/instancias/curvas/c4.arq .././visualizador/instancias/curvas/c4.tiro 0
.././visualizador/instancias/curvas/cb1.arq .././visualizador/instancias/curvas/cb1.tiro 0
.././visualizador/instancias/curvas/cuadr7.arq .././visualizador/instancias/curvas/cuadr7.tiro 0
.././visualizador/instancias/curvas/cuadr6.arq .././visualizador/instancias/curvas/cuadr6.tiro 1
.././visualizador/instancias/curvas/cuadr4.arq .././visualizador/instancias/curvas/cuadr4.tiro 0
.././visualizador/instancias/curvas/cb2.arq .././visualizador/instancias/curvas/cb2.tiro 0
.././visualizador/instancias/curvas/cuadr5.arq .././visualizador/instancias/curvas/cuadr5.tiro 0
.././visualizador/instancias/curvas/cuadr8.arq .././visualizador/instancias/curvas/cuadr8.tiro 0
.././visualizador/instancias/curvas/cuadr3.arq .././visualizador/instancias/curvas/cuadr3.tiro 0
.././visualizador/instancias/curvas/c3.arq .././visualizador/instancias/curvas/c3.tiro 0
.././visualizador/instancias/curvas/cuadr2.arq .././visualizador/instancias/curvas/cuadr2.tiro 0
.././visualizador/instancias/curvas/cuadr3.arq .././visualizador/instancias/curvas/cuadr3.tiro 0
.././visualizador/instancias/curvas/c3.arq .././visualizador/instancias/curvas/c3.tiro 0
.././visualizador/instancias/curvas/cuadr2.arq .././visualizador/instancias/curvas/cuadr2.tiro 0
.././visualizador/instancias/curvas/c1.arq .././visualizador/instancias/curvas/c1.tiro 0
.././visualizador/instancias/curvas/cb5.arq .././visualizador/instancias/curvas/cb5.tiro 0
.././visualizador/instancias/curvas/c2.arq .././visualizador/instancias/curvas/c2.tiro 1
.././visualizador/instancias/curvas/cuadr10.arq .././visualizador/instancias/curvas/cuadr10.tiro 0
.././visualizador/instancias/curvas/cb4.arq .././visualizador/instancias/curvas/cb4.tiro 0
.././visualizador/instancias/curvas/cb3.arq .././visualizador/instancias/curvas/cb3.tiro 0
.././visualizador/instancias/curvas/c5.arq .././visualizador/instancias/curvas/c5.tiro 0
.././visualizador/instancias/curvas/cuadr9.arq .././visualizador/instancias/curvas/cuadr9.tiro 0
.././visualizador/instancias/curvas/c4.arq .././visualizador/instancias/curvas/c4.tiro 0
.././visualizador/instancias/curvas/cb1.arq .././visualizador/instancias/curvas/cb1.tiro 0
.././visualizador/instancias/curvas/cuadr7.arq .././visualizador/instancias/curvas/cuadr7.tiro 0
.././visualizador/instancias/curvas/cuadr3.arq .././visualizador/instancias/curvas/cuadr3.tiro 0
.././visualizador/instancias/curvas/c3.arq .././visualizador/instancias/curvas/c3.tiro 0
.././visualizador/instancias/curvas/cuadr2.arq .././visualizador/instancias/curvas/cuadr2.tiro 0
.././visualizador/instancias/curvas/c1.arq .././visualizador/instancias/curvas/c1.tiro 0
.././visualizador/instancias/curvas/cb5.arq .././visualizador/instancias/curvas/cb5.tiro 0
.././visualizador/instancias/curvas/c2.arq .././visualizador/instancias/curvas/c2.tiro 1
.././visualizador/instancias/curvas/cuadr10.arq .././visualizador/instancias/curvas/cuadr10.tiro 0
.././visualizador/instancias/curvas/cb4.arq .././visualizador/instancias/curvas/cb4.tiro 0
.././visualizador/instancias/curvas/cb3.arq .././visualizador/instancias/curvas/cb3.tiro 0
.././visualizador/instancias/curvas/c5.arq .././visualizador/instancias/curvas/c5.tiro 0
.././visualizador/instancias/curvas/cuadr9.arq .././visualizador/instancias/curvas/cuadr9.tiro 0
.././visualizador/instancias/curvas/c4.arq .././visualizador/instancias/curvas/c4.tiro 0
.././visualizador/instancias/curvas/cb1.arq .././visualizador/instancias/curvas/cb1.tiro 0
.././visualizador/instancias/curvas/cuadr7.arq .././visualizador/instancias/curvas/cuadr7.tiro 0
.././visualizador/instancias/curvas/cuadr6.arq .././visualizador/instancias/curvas/cuadr6.tiro 1
.././visualizador/instancias/curvas/cuadr4.arq .././visualizador/instancias/curvas/cuadr4.tiro 0
.././visualizador/instancias/curvas/cb2.arq .././visualizador/instancias/curvas/cb2.tiro 0
.././visualizador/instancias/curvas/cuadr5.arq .././visualizador/instancias/curvas/cuadr5.tiro 0
.././visualizador/instancias/curvas/cuadr8.arq .././visualizador/instancias/curvas/cuadr8.tiro 0
../visualizador/instancias/curvas/c3.arq ../visualizador/instancias/curvas/c3.tiro 0
../visualizador/instancias/curvas/c3.arq ../visualizador/instancias/curvas/c3.tiro 0
