402.9329932
354.390342
255.143845
245.4598989
235.930002
203.0063614
171.8753251
163.6677646
150.6441783
147.107624
131.843955
125.9860316
116.0200147
114.4888829
107.1476744
103.0526215
100.3861811
95.42592693
91.0568538
87.49398591
85.97330824
84.65778542
84.47523498
79.20683395
78.55061753
74.00935672
72.61637606
71.7476231
70.04269551
68.3778828
66.78466999
64.98655216
64.51903932
63.38652518
62.60947397
60.52115574
60.38195935
60.1132018
59.18918789
57.56516863
57.12768854
56.87373306
56.2283532
54.23815609
53.99296115
52.94450672
51.74995129
51.54192848
50.57979725
50.15164022
49.72313066
49.58554394
48.23235197
47.68879512
47.35263604
47.29454761
46.67977184
46.10965965
45.34218897
44.91585484
43.99587207
43.84351952
43.07981939
42.77301027
42.4664716
42.35786893
42.02542518
41.18063075
40.74986058
40.41311517
40.12514285
39.58986822
39.56524272
38.98311453
38.59606265
38.35878742
37.90656379
37.64649171
37.45350926
36.83952303
36.53309026
36.18504607
35.99368745
35.68970775
35.13627225
35.09845169
34.89512777
34.52925304
34.3763955
33.73564624
33.19896941
32.94369689
32.76975863
32.57418676
31.96763209
31.89500872
31.62925692
31.40302501
31.26917624
31.10631107
