403.3250138
353.1088193
262.0277807
254.6263049
236.217727
202.4393622
179.5739871
160.5295309
153.1011617
148.7223777
135.0723716
123.7668722
120.6513991
112.6557651
110.2997358
105.2464545
101.8222996
99.59476045
93.8323139
90.22959279
86.51365355
86.08272977
83.64569197
81.85737837
80.93877435
77.37751913
75.75040206
73.19219952
71.78627844
70.23325366
67.91607928
66.98428205
66.25920533
65.25033773
63.98697282
62.05779398
61.31739029
61.19165845
60.19048043
59.43923255
58.4203594
57.74793262
56.23123728
55.39508148
54.65087191
53.87908974
53.46804623
52.76084203
52.20809522
51.81585502
51.48257851
50.94611186
50.06722572
49.79934446
48.08807716
47.81042272
47.58253651
47.47962715
46.11495236
45.93972676
45.35570691
44.62714909
44.36530262
43.63893575
43.35604092
42.95932357
42.21230211
41.3044194
41.13847087
40.80655897
40.52041203
40.38372537
39.99115263
38.89933581
38.83889448
38.15628249
37.83098419
37.5506206
36.99056369
36.486938
35.92721926
35.84984446
35.54099367
35.15316476
34.88623008
34.44006555
33.8960703
33.77223183
33.59700762
33.2492052
33.04653874
32.8387782
32.22384431
31.7701574
31.19885268
31.01829869
30.87088819
30.38065637
30.11539962
29.77201983
