405.9652217
393.7182011
279.7558129
268.2321962
243.8020006
201.8595043
177.852575
172.3285134
159.512224
144.9393723
137.9790644
127.3622883
116.0219072
112.7796894
103.2328812
99.98119863
96.04840417
91.89488909
88.65509956
86.43886018
81.21915954
79.94173636
77.23314752
76.30758761
74.60637165
72.06136672
70.82455479
68.67858774
68.02473895
67.76530845
65.46829619
64.95557406
63.35934112
62.00130164
61.18768629
60.22625829
58.73082492
57.37569447
56.34347844
56.03682976
55.39530365
55.04764933
53.92278179
52.68471092
51.19554143
50.31833101
50.14916503
49.57569036
48.90165682
48.61617957
47.86852581
46.82113426
45.33926255
44.67218968
44.14656176
43.47263163
42.71597643
41.78525181
40.58575388
40.47967062
39.80130635
38.58180403
37.44789651
36.25136753
36.00424383
35.30089808
34.03187566
33.65112333
33.3216997
31.84748521
30.64087263
29.78333393
28.00786395
26.54034478
25.83431378
22.63749703
0.07912137948
-nan
0.05713221629
0.04875505593
0.04096672591
0.03800748361
-nan
-nan
-nan
-nan
-nan
0.02058973267
-nan
-nan
0.0155418233
-nan
-nan
-nan
-nan
0.01224201066
-nan
0.01201739745
-nan
-nan
