420.1396264
361.6647912
271.1515904
239.1998983
218.0942361
188.5991924
164.1251985
156.2261718
143.9958708
135.0733924
122.6443397
117.0829609
112.7213158
108.9002147
104.6117601
102.2468575
97.94658409
95.32226617
92.39592211
87.74214865
86.94290437
85.835581
82.35562509
80.3721473
79.21078517
77.9579484
77.07549996
74.31576244
73.22986957
72.70583914
70.87303227
69.83796376
68.84036598
66.88543554
65.24445434
64.1545552
63.76409246
62.51859434
61.72639353
61.38112144
60.09394392
58.80834221
58.29331124
57.61488175
57.33348651
55.78014706
55.2941685
54.22967262
53.74223636
53.36363425
52.702574
52.09107954
51.40007015
50.99943542
50.11590432
49.58347597
49.28583257
48.89118135
48.54785133
47.75239778
46.97287134
46.64703784
46.3127948
46.03584685
45.85359812
45.50995314
45.25326961
44.55485705
44.24891724
43.60377312
43.0538673
42.71766733
41.92871455
41.70100503
41.51763933
40.80098896
40.50355413
40.02657077
39.80445792
39.67111666
39.47330322
39.29298102
38.58994724
38.25865936
37.77953487
37.68995684
37.55225925
36.91175159
36.29488936
35.88798384
35.78590789
35.60739178
35.50188687
35.08857473
35.05102221
34.78997576
34.46547342
34.10446762
33.9178697
33.81876573
