404.1190522
352.300595
253.211572
244.0584839
233.3431381
201.7352252
171.8890385
165.5778832
148.2137704
142.6759579
132.0184933
125.2328038
116.6509203
112.6786718
106.4580717
104.9287436
98.90099317
95.26020199
90.64044388
88.20571375
86.08229628
83.36176515
82.99513657
80.71184225
78.61688188
74.97820109
73.09226044
70.66813521
69.84675702
67.86052846
66.60854969
64.70016538
62.85819882
62.13000508
61.38980858
60.15313154
59.2356986
58.74795188
58.07794424
57.0243545
56.22214569
56.05502177
55.34854385
53.81296323
53.38081397
52.92490281
51.79236391
51.52077925
49.90674189
49.21596263
48.8192728
48.63685124
48.58866592
47.5562306
47.01743717
46.7963278
46.1015521
45.38513328
45.08575308
44.47027495
43.94669723
43.42744523
42.89663885
42.62062354
42.40946679
42.02865945
41.53263758
40.97418414
40.52774961
40.28462865
39.98761591
39.55484227
39.33366634
39.27387329
38.70751254
38.33132719
37.8052911
37.60256123
37.29937576
36.57508823
36.53259808
36.21841524
35.81223377
35.57204965
35.18396766
34.68619993
34.61287764
34.34563422
34.08466267
34.01058486
33.63378553
33.20669528
33.01169996
32.97536349
32.43747312
31.95915409
31.77688378
31.38227737
31.36736562
31.02387344
