423.0409019
362.2601146
270.26183
232.7148385
222.329472
191.1819438
162.2269096
153.9009218
139.8267046
132.8124522
119.8444621
117.5732634
109.844019
103.5522334
100.7830383
98.69662542
94.42332462
93.01289265
88.16838262
85.32094473
82.99797152
81.73514985
79.38479685
76.82706568
76.01901348
73.43488148
71.86880151
71.54544349
69.90981027
68.78501085
68.24165014
66.31980657
66.06670343
64.54667864
62.73972042
61.87475705
60.01874429
58.85985824
58.16739974
57.93423444
56.76234065
56.13454454
55.57387034
54.78932585
52.93315778
52.6411146
52.18978214
51.68996178
51.29599011
51.10868371
49.90942061
48.84905893
48.48735271
48.26574938
47.59113739
47.21040234
46.90994787
46.42705758
45.99908824
45.12780775
45.00470838
44.78637789
44.18925049
43.41039477
43.19983723
42.95904855
42.73041405
42.30428126
42.00953534
41.76128487
41.62448212
41.54046733
40.67341912
40.51482047
39.59608709
39.13274715
38.90316152
38.75141816
38.4806593
38.39143464
37.94945178
37.45444747
37.10910383
37.01094081
36.49851739
36.37507507
36.08050016
35.71140465
35.49062341
35.286283
35.03749378
34.85980766
34.70960773
34.53841423
34.31754435
34.13703029
33.54998281
33.38447326
33.27083253
33.05221355
