404.9540745
358.8422358
286.6711124
189.1975254
154.7882975
0.07450808109
-nan
-nan
0.02226506244
0.0136767926
-nan
3.300975424e-06
2.949365225e-06
1.618530892e-06
1.133359211e-06
9.797493887e-07
3.790818067e-07
3.386942818e-07
-nan
-nan
2.460580914e-06
-nan
-nan
-nan
1.128329039e-06
-nan
5.81633978e-07
4.85847079e-07
-nan
-nan
-nan
9.055039085e-07
-nan
-nan
4.494375779e-07
1.468956191e-07
2.833616844e-07
-nan
2.307451766e-07
-nan
3.059474877e-07
-nan
-nan
2.853994649e-07
4.449423961e-08
-nan
1.712449869e-07
-nan
4.691475236e-08
-nan
2.197311285e-08
-nan
1.125066442e-08
-nan
5.261482618e-09
-nan
2.459410422e-09
-nan
1.150587685e-09
-nan
5.384029578e-10
-nan
2.519519351e-10
-nan
1.179052088e-10
-nan
5.517588574e-11
-nan
2.582057334e-11
-nan
1.20832062e-11
-nan
5.654573243e-12
-nan
2.646057475e-12
-nan
1.238180607e-12
-nan
5.79446403e-13
-nan
2.70892962e-13
-nan
1.269069905e-13
-nan
5.745079658e-14
-nan
3.09718398e-14
-nan
2.512147934e-15
2.512147934e-15
2.512147934e-15
2.512147934e-15
2.512147934e-15
2.512147934e-15
2.512147934e-15
2.512147934e-15
2.512147934e-15
2.512147934e-15
2.512147934e-15
2.512147934e-15
