402.4141939
385.7166215
299.3331362
274.9614616
237.0461859
216.8678917
184.3778109
170.2923475
164.9768834
144.932051
139.0211718
133.1182304
130.6088926
118.6092601
114.3603246
113.2129264
108.8539768
104.3749981
101.3114966
99.54648293
93.19686459
90.79433959
87.26821968
85.09776703
81.75335233
78.7641795
77.47804716
76.36542017
74.33587907
71.60813454
70.24614274
69.08306106
64.86852711
61.38306862
60.5128329
57.09575049
56.01204014
55.46682003
54.22376059
52.47450547
47.29367629
45.98930438
42.95577952
-nan
-nan
0.03689531867
-nan
0.03084294264
-nan
-nan
0.02581101065
0.02401751363
-nan
-nan
-nan
0.01965887724
0.0184253935
-nan
0.01761679422
0.01722268488
-nan
-nan
-nan
-nan
-nan
-nan
-nan
0.01274792282
0.01230458304
0.01166691812
-nan
0.00934405629
-nan
-nan
0.00862963776
0.008453269277
0.007895700123
-nan
0.005284028162
-nan
0.004416998318
0.003018486394
0.00301241732
0.002851120458
-nan
0.002020584583
1.445001777e-05
6.469083681e-06
6.220859421e-06
-nan
-nan
-nan
3.81551336e-06
3.373443947e-06
-nan
-nan
-nan
2.656759188e-06
2.616287252e-06
-nan
