422.1211999
362.0118977
267.0122379
236.7876742
223.8202886
191.1645583
162.4925305
151.8845113
139.8872547
131.6771389
121.5740248
117.2280554
108.1646613
103.5798264
100.2487457
96.96978908
96.19638075
94.26582774
90.51881174
87.86068102
83.07386869
80.93385533
78.9050749
77.70046844
76.43685783
75.4400177
74.23532136
72.95239179
70.87282581
69.67776869
67.9391126
67.46042393
66.8571146
64.8078155
63.16604977
61.95483068
61.21814131
60.42614069
59.12050494
58.02655254
57.30219572
56.64797086
55.96015934
54.87330971
54.62334571
53.5408925
52.51397629
52.29531154
51.59168131
51.13824006
51.07379381
50.21651727
49.67396615
49.3889683
48.43220561
48.05712192
47.9009648
47.31981726
46.60867726
46.41730048
45.16811324
44.89289776
44.35446872
44.17634128
43.76838591
43.5707685
42.80355477
42.6164391
42.04367757
41.76469214
41.53502662
41.1906524
40.90730493
40.66181688
40.10698865
39.59456704
39.44525344
39.11807653
38.59479907
38.51273482
38.29372584
37.83310346
37.51428427
37.46195883
36.89167661
36.58194816
36.32425757
36.12111158
36.10201928
35.78487129
35.60671648
35.52193891
34.98504301
34.59125721
34.43369122
34.33916542
33.81383956
33.63654778
33.42157125
33.25373536
