413.8266398
347.2324389
270.6844533
242.9224342
229.0131995
208.0402953
184.6467819
163.9221294
155.589257
139.4690926
134.7330225
125.674627
122.3838454
114.9541582
110.9405612
108.9861961
104.4442579
98.35160233
94.62858225
93.35232386
92.48329886
90.91718895
87.24004683
84.45206563
82.25883328
82.08282092
79.68052417
77.95349865
77.08873718
75.49116492
74.08297967
72.27121819
71.40555849
70.61551251
69.56467551
68.00310297
66.4541681
65.57062719
64.58829022
64.45637998
63.89352445
60.95281672
60.74647832
60.53905039
59.05689049
56.88039786
56.10323582
55.14226714
54.4594346
53.77135668
52.563224
51.74657196
51.49753928
51.24151564
50.90603601
49.77568939
49.31534349
48.12997107
46.92569775
46.58516999
45.66784642
45.60225734
44.58552087
43.64366451
42.94236694
42.25079973
41.37263968
41.06189257
40.72434387
40.04854122
39.69065978
38.93412802
38.36937456
38.14399306
37.41195302
36.78955498
36.19596362
35.43765723
34.66862303
34.37843257
33.69254395
33.35757921
32.54541749
31.65516839
30.87276909
30.19998729
29.86667318
28.96116334
27.93742949
26.88062806
25.48902449
24.4004814
0.05844681111
0.05439054502
-nan
-nan
-nan
0.02901493248
-nan
-nan
