427.6148857
359.8844812
279.1504004
246.2512899
219.7978817
188.4608791
174.2011827
154.0448483
149.8173361
144.0742577
128.6956449
126.881214
115.7750416
113.1344032
107.5373753
103.0543871
99.86071371
98.92595661
96.74692974
93.21149027
92.62223265
90.34398763
88.43306508
86.23420365
83.9847118
82.70309238
81.36057005
80.40504435
76.2658248
74.95564925
73.18602161
70.61193027
69.95438566
69.11785611
68.68538191
68.39138542
66.47810984
65.22328452
64.5952122
63.7307017
62.42083219
62.21194501
60.65610107
59.92053567
58.55206142
58.388758
57.25939345
56.27080309
55.76748636
55.51026719
54.77865047
54.26642394
53.85499852
53.186856
52.61038523
51.98718286
51.5825504
50.32838925
50.18149268
49.07972378
48.60735212
48.16856271
47.39241652
47.2073462
46.72642307
46.04356908
45.48586327
45.12565066
44.77399518
44.03682084
43.68253259
42.86396049
42.54064822
42.32563984
41.91780366
41.34218604
40.84399084
40.76360134
40.5783804
40.10991048
39.37148962
38.82020596
38.34940345
37.97867961
37.42403809
37.14989043
36.34627036
35.94366577
35.67841883
35.49813373
35.01441243
34.46789169
33.84826585
33.58848479
33.15715064
33.0056916
32.56389236
31.7913617
31.55818703
30.99102722
