402.5820698
389.5937548
276.1029877
266.9579631
241.7748531
193.0252768
182.5543535
166.4826604
153.5404538
143.4205606
133.394445
124.6628986
113.7407782
108.2156275
106.3630913
99.43074049
93.74045021
87.77371849
86.06268028
82.78756029
81.75107201
79.07144959
78.12364551
77.05440467
76.38147989
72.49632856
70.68492004
69.84516865
68.66920038
67.51370643
64.43882299
63.51255069
61.81438495
61.27316005
59.86565473
59.43723621
58.33709552
57.93939339
57.45892833
55.94468568
55.39335065
54.69530318
53.16187041
52.40237563
51.35263804
50.99696032
49.81517746
49.22057411
48.3344413
47.14253343
46.69596486
46.11904092
45.95187433
45.27543855
44.38403962
43.38997652
42.79932753
42.27106096
41.72181728
41.36076888
40.23804678
39.77785127
39.25167456
38.88479164
38.12900298
37.65275363
37.1794551
36.2148279
36.0522867
34.89457323
34.06939799
33.68895513
33.30965448
32.40191197
31.72325712
31.34926481
30.52336675
29.82558361
29.19755626
28.7094234
28.41165281
27.2943373
26.73862062
25.9505505
24.63956409
23.62451418
20.77458978
-nan
-nan
-nan
0.03804371528
-nan
-nan
0.02178714741
-nan
0.02098869594
0.01975464232
-nan
-nan
-nan
