397.971022
363.1974379
271.5427143
258.5956765
238.1552429
207.7982681
196.0516747
168.8616198
165.6574344
155.1937392
151.5227823
139.4933319
136.896238
129.4901434
129.4375067
121.6707362
116.3287613
114.2305845
112.0077619
107.6816601
106.6353843
104.1721376
100.9648104
95.5524156
92.21725098
91.23873289
86.77139583
83.83039741
82.31137864
80.32725921
79.36960422
76.95194081
75.02398782
71.93261783
70.21788458
68.17133623
64.43098928
61.3534578
60.11321597
57.97928379
55.39243036
0.06221760837
-nan
-nan
0.04158601181
0.0366816065
0.03115927524
0.03115905985
-nan
0.02867595683
-nan
0.02339951625
0.02183217758
0.0215637757
-nan
0.02131858452
0.02085899112
0.01924670859
0.01922951319
-nan
0.01617097804
0.0154177491
0.01523675588
-nan
-nan
-nan
-nan
0.01095927517
0.01075282188
-nan
-nan
-nan
-nan
0.01006321747
0.009039031398
-nan
0.007223728231
0.006713803537
-nan
-nan
-nan
0.005362927634
9.69566687e-06
9.276305016e-06
-nan
-nan
-nan
4.814692744e-06
-nan
3.691330033e-06
3.503198413e-06
3.302172539e-06
-nan
-nan
-nan
-nan
2.510413973e-06
2.378482031e-06
-nan
2.225509286e-06
