400.3160675
352.2768521
253.1830905
243.9952548
233.4770966
207.1586882
174.3038548
168.9113761
152.7979478
144.1173668
130.8106009
125.6101758
116.5153599
114.7708086
107.3442733
102.3179804
100.0839558
96.47891997
91.64697424
90.22198849
88.83680206
85.40850807
83.87437968
81.21291848
78.27293443
75.7226396
74.20159176
72.29175639
71.94508788
69.31359619
68.92841399
66.49217229
65.68734773
63.65618467
62.73920031
62.26320486
61.31381053
60.01445423
58.70227272
58.51721914
57.85383788
57.53933175
56.99691205
54.9329164
53.84487293
53.06047788
52.95157576
51.10305896
50.74170164
50.01633327
49.60817604
48.93411119
48.49412895
47.86490295
47.63838216
47.41174789
46.86144163
46.3458207
46.16385725
45.49878569
44.98497685
44.26127875
44.24716889
43.40503932
43.13142971
42.55374683
42.31270948
41.82910125
41.09181607
40.73378125
40.42001214
40.34917107
39.66931381
39.47827461
39.12991437
38.54865868
38.07018801
37.80500954
37.3395723
37.13804603
36.61938785
36.4154082
35.94457969
35.74136296
35.26998537
35.12437229
34.79698468
34.71205023
34.43178037
33.97317853
33.25935256
33.20563713
32.8653384
32.78535099
32.35869965
32.00856513
31.85279548
31.7578265
31.5706782
31.2352749
