407.2392624
354.5252537
259.1677464
251.2997849
224.05351
201.6925927
171.5961712
170.196248
152.3639122
144.3900322
138.7083253
126.9339972
120.6404435
116.1556668
111.8991389
106.1984194
99.90188738
98.13966452
96.49723821
93.20945542
91.11253369
87.76094184
85.43730728
83.9666788
81.22388637
77.48191524
76.69201442
75.4156586
72.6282482
71.87498948
70.72674294
69.22571483
66.50245065
65.13065683
64.25955219
63.61859936
63.52679498
62.04967031
61.810098
59.9196573
59.46151347
58.35091539
57.52588447
56.92918865
56.27307577
54.8829565
53.67082112
53.22210083
52.73394078
51.92981858
51.14352526
50.72729387
50.20963709
49.55252037
48.96090325
48.41515501
47.70710824
47.10670257
46.14417099
45.67581486
45.02522081
44.49079854
43.7700849
43.33146835
43.13213488
42.80796195
42.03643432
41.61135002
41.39357301
40.8744898
39.93215095
39.8475247
39.23332115
39.17944737
38.80037345
38.52202308
38.02982291
37.35486105
37.13531458
36.70939785
35.93770142
35.46396708
35.2719797
34.74756335
33.89722766
33.73713387
33.09613853
32.9103865
32.22070087
31.89602605
31.50294523
31.11402278
30.42174182
30.21438874
30.10771487
29.63529017
29.39137074
29.02412112
28.63716001
27.99657026
