455.6457187
415.2739395
324.9756557
285.3660738
262.2880973
220.8109027
210.4193574
201.4098469
180.5572598
158.9117402
147.7436163
137.3948121
131.095684
119.5678454
117.3798384
111.1348456
103.1013729
98.53768958
87.50186223
83.46354014
80.68897946
0.08549995469
0.07291812019
-nan
0.04047688671
0.03607906705
-nan
-nan
0.02582376641
0.02205147491
-nan
0.02048864494
0.0193505763
0.01556079002
0.01495753884
-nan
0.01449356003
-nan
0.009503172301
-nan
-nan
-nan
-nan
-nan
7.267987432e-06
4.209441786e-06
-nan
3.717281296e-06
3.525843515e-06
-nan
-nan
-nan
2.56849445e-06
-nan
2.396462052e-06
-nan
2.302554082e-06
-nan
-nan
2.266195136e-06
-nan
-nan
-nan
2.189128932e-06
2.161112374e-06
2.159953853e-06
2.140602955e-06
-nan
-nan
2.09252402e-06
-nan
-nan
2.062276351e-06
-nan
-nan
2.033801184e-06
-nan
2.020604544e-06
-nan
-nan
1.991861959e-06
1.99056021e-06
1.985888118e-06
1.982118423e-06
-nan
-nan
1.971324355e-06
1.960481179e-06
-nan
-nan
1.95566037e-06
1.931210421e-06
1.933410923e-06
1.917704437e-06
-nan
-nan
-nan
-nan
1.887020295e-06
1.901108738e-06
