412.7637401
348.8678547
267.2591758
247.4597789
233.8480166
199.8549603
172.6921575
156.031028
155.8802256
137.2652285
123.0534263
118.0227844
114.5430099
111.5027449
106.3272333
100.8151432
99.26362439
95.67431182
91.52568284
87.15888612
86.42239267
85.80154476
84.35037221
81.93413192
81.46009786
78.15773432
75.01784932
73.57979399
73.0035404
71.30753264
69.97375594
69.13264772
68.28921551
66.28133851
65.62274859
64.56563596
63.38479558
62.34164717
60.94872453
60.46926412
59.25398163
57.64093181
57.38558318
56.73207539
55.42993229
55.11065795
53.99456734
53.21243258
51.93964339
51.69121597
51.50563198
50.75177304
49.89363428
49.20537482
48.84071131
48.15603929
47.59712059
47.3161842
47.24539885
46.3226393
45.95145683
45.61786764
45.16609942
44.74820629
44.16777132
43.50286397
43.27163217
42.59620158
41.99010352
41.80096486
41.36269526
41.07115429
40.5744458
39.92106092
39.62484755
39.06256747
38.61188301
38.16661579
38.10742014
37.67245081
37.32811648
37.18539268
36.82765928
36.14097227
35.98146313
35.43615264
35.21121549
34.78983569
34.65457027
34.53563547
33.93437665
33.76301797
33.30066322
33.01164712
32.62847585
32.46020767
32.03649521
31.77024291
31.56748766
31.35739284
