584.3034461
456.3885218
-nan
-nan
1.871206901e-05
-nan
1.561810279e-06
-nan
-nan
6.900049239e-09
5.233485877e-09
-nan
3.187244745e-08
2.946805688e-08
-nan
1.482449304e-07
-nan
-nan
7.827333244e-07
-nan
1.016976016e-06
5.724814912e-07
2.640358792e-06
-nan
1.669561134e-07
1.413263782e-06
4.267183204e-07
7.35860249e-07
-nan
-nan
6.316960573e-07
-nan
-nan
1.343287456e-06
3.809371613e-07
4.186048906e-07
-nan
5.622558282e-07
1.009278095e-07
-nan
-nan
4.459814733e-07
-nan
-nan
-nan
4.795252956e-07
1.238328323e-07
-nan
8.895658735e-08
-nan
-nan
-nan
-nan
-nan
4.945295413e-08
6.468640617e-08
-nan
-nan
5.164869641e-08
-nan
7.576000617e-09
-nan
2.268783092e-09
-nan
6.778769594e-10
-nan
2.025059417e-10
-nan
6.04948474e-11
-nan
1.807160931e-11
-nan
5.398497778e-12
-nan
1.613166754e-12
-nan
4.827509131e-13
-nan
1.44922851e-13
-nan
4.713207304e-14
2.842170943e-14
-nan
4.263256415e-14
-nan
4.263256415e-14
-nan
4.263256415e-14
-nan
4.263256415e-14
-nan
4.263256415e-14
-nan
4.263256415e-14
-nan
4.263256415e-14
-nan
4.263256415e-14
-nan
4.263256415e-14
