425.7029591
366.9356879
314.9788132
173.848609
-nan
-nan
0.04644952729
0.03079280998
1.031602091e-05
-nan
9.067537535e-06
-nan
1.934418736e-06
1.94184132e-06
-nan
-nan
1.819598027e-06
-nan
-nan
1.74300888e-06
1.722332124e-06
-nan
-nan
1.642227484e-06
1.616997904e-06
1.602371245e-06
-nan
1.580011702e-06
-nan
1.565894466e-06
-nan
-nan
1.526884062e-06
1.481244871e-06
1.473497809e-06
-nan
1.451342581e-06
-nan
-nan
-nan
-nan
-nan
1.410087726e-06
-nan
1.380489306e-06
-nan
1.344952376e-06
1.352865062e-06
1.330622982e-06
1.342095443e-06
1.32412408e-06
1.316180566e-06
-nan
-nan
-nan
1.274085178e-06
-nan
1.29692699e-06
-nan
1.272529779e-06
1.274418951e-06
-nan
-nan
-nan
-nan
-nan
-nan
1.212351709e-06
1.225985969e-06
1.207010294e-06
1.232562777e-06
-nan
-nan
-nan
-nan
1.180957279e-06
-nan
-nan
1.151424022e-06
1.161400397e-06
-nan
-nan
1.154313831e-06
1.131864953e-06
1.160656051e-06
1.149755173e-06
1.151791296e-06
-nan
-nan
