404.9321973
391.1551212
273.107784
242.1052571
168.7739576
142.0249035
0.07922752575
0.04783371568
-nan
0.03072840411
0.02644277577
0.01838898314
-nan
-nan
4.951120815e-06
-nan
-nan
-nan
1.167659103e-06
-nan
3.453693353e-07
2.75683866e-07
6.481073333e-07
-nan
1.503265556e-06
-nan
3.321952345e-07
7.861063554e-07
-nan
1.912880297e-07
2.33514561e-07
-nan
1.089968708e-07
-nan
9.060967176e-08
1.242810721e-07
-nan
1.483271744e-07
1.613139964e-07
-nan
-nan
-nan
-nan
1.545845512e-08
6.728789156e-09
1.488287002e-08
4.142913885e-08
4.513088635e-08
3.050957343e-08
-nan
-nan
1.59323911e-08
3.484607143e-08
-nan
2.177151147e-08
-nan
1.059237312e-08
9.568149842e-09
8.970046443e-09
8.381261273e-09
7.609028247e-09
6.604751363e-09
5.449840554e-09
4.293776705e-09
3.265261198e-09
2.425218542e-09
1.77587357e-09
1.29000255e-09
9.329938441e-10
6.732293636e-10
4.851995475e-10
3.494643514e-10
2.516184474e-10
1.811373177e-10
1.303871906e-10
9.385165256e-11
6.755206508e-11
4.862165078e-11
3.499604103e-11
2.518872896e-11
1.812971198e-11
1.304906269e-11
9.392090312e-12
6.75977512e-12
4.865500724e-12
3.5020027e-12
2.520133919e-12
1.81398652e-12
1.30639422e-12
9.394761551e-13
6.781124449e-13
4.845255467e-13
3.504063672e-13
2.528174559e-13
1.808746512e-13
1.302446348e-13
1.100768073e-13
7.452235083e-14
3.891802844e-14
2.842170943e-14
