409.8988779
345.6191631
260.685655
231.8211384
229.8686217
199.2363002
172.8002678
158.5979546
151.0201895
131.709235
126.1458913
117.389718
113.3793832
108.0993285
102.641544
98.01533659
95.9161157
94.01957039
91.92885069
90.67181522
88.49519283
86.99149095
82.15803467
80.34193703
78.21080022
76.94292525
75.51743069
72.48662473
72.02930146
71.18898036
67.58801768
67.33617829
66.34187922
64.93443949
64.424804
61.9804507
61.9097508
61.40142508
60.59858759
59.97843108
58.42511104
56.99967784
56.09063167
55.62272412
54.37757724
54.17704421
53.43855695
52.5931586
51.99906542
51.31695849
50.85206531
49.94591837
49.31469816
48.82288518
48.69012232
48.18701845
47.76060418
47.27131422
46.50247593
45.78272973
45.24950859
44.9037206
44.39207783
43.99795484
43.7581171
43.2208564
42.81456241
42.23801256
41.92507134
41.22624576
41.16266054
40.68222748
39.89063699
39.73471794
39.42522598
39.21580831
38.667068
38.29976227
37.76964645
37.68084382
37.33064215
36.94773092
36.83173301
36.64366867
36.16866087
35.9172495
35.54075145
35.44657673
34.69867019
34.59978031
34.37304707
34.05336687
33.67242385
33.1829487
32.93970644
32.70244061
32.5231611
32.16479063
31.93780422
31.46003898
