420.3537087
363.0452728
284.17482
261.2578611
233.6975113
207.1896007
191.3824797
171.5443694
158.116425
156.2395092
146.2084141
139.9095988
131.8186891
126.9330876
117.108431
114.7601265
109.6122172
106.1245477
103.8428778
101.4987853
95.99966387
93.01765571
91.51437811
89.14004674
87.96018171
85.16333337
82.76093953
82.08119531
79.03140542
77.55321463
75.45967005
72.98194414
72.48144604
71.34588101
69.68508023
67.93798296
66.32290679
65.23513559
63.55764809
62.34413053
61.33226345
58.56649722
56.79394385
56.52270364
55.22931109
54.54202354
54.17826683
52.92344796
52.5762375
51.20016908
49.63493981
47.99808823
45.50144391
44.16231087
43.5963811
41.11613701
40.48173939
39.26176457
37.45418704
37.05386279
33.65024282
26.23844729
0.07747828968
-nan
-nan
-nan
-nan
0.02774103754
-nan
-nan
0.02317325702
0.02206749301
-nan
-nan
-nan
-nan
0.01648179485
0.01486862809
0.0138874431
0.01353248437
0.01336079101
-nan
0.01234374429
0.01231414649
-nan
-nan
-nan
0.01107757421
0.01045420846
-nan
0.009738293624
-nan
-nan
-nan
0.009161108496
-nan
-nan
-nan
-nan
-nan
