410.8580591
348.3153095
261.4894105
229.9565102
219.9449236
193.8956697
173.7317013
152.6103949
144.1813988
137.3041741
123.1628196
117.2920343
114.0079943
106.8324647
104.3163623
99.60894783
94.93860938
89.12956651
87.06237741
86.02343507
85.41856468
82.65866435
81.5181636
79.7690234
77.65015984
74.95903166
71.9454461
71.61777187
69.80860368
67.22065736
66.77366733
63.854008
62.57893488
62.2831492
60.86714834
60.43331064
58.95383922
57.95093526
56.8483154
56.75147987
56.15735376
55.62043357
55.17288876
53.8146344
53.44067816
52.96778831
52.09994111
51.1247708
50.95341102
50.39990461
49.61685323
49.41566327
48.30449368
47.33798633
47.02918648
46.63824367
46.10444408
45.41984059
44.70830245
44.2712075
44.01715439
43.34182577
43.19462912
43.1886635
42.70937959
42.32425096
41.72580925
41.64656731
41.18306717
40.41744192
40.15452523
39.94557346
39.44379038
38.97038095
38.74043158
38.4819719
38.29274278
37.80499752
37.33587438
37.25974652
36.95535367
36.86671692
36.61670363
36.43158263
36.08921072
35.85127367
35.54358295
35.36820396
34.82804248
34.51363407
34.22204393
33.94605216
33.78577283
33.1672231
33.08367898
33.03300164
32.84197776
32.71673635
32.32747438
32.21627895
