409.4328128
350.8821462
258.7343905
233.468954
220.6715147
195.1217832
174.6249436
154.3205506
142.4212919
134.6396479
124.6741807
114.8703119
112.8185384
106.7729305
103.8119009
97.48266432
93.73758345
89.79451624
87.74445694
86.99705561
84.26473156
83.59786939
81.01767042
80.08447924
77.45189631
75.08242828
73.41354098
72.09510693
70.46550523
68.49899047
66.37539771
65.12810831
63.75717853
62.42064828
61.09373954
60.86687829
59.81740284
58.57778987
57.11949304
56.10760666
55.67724243
55.28352334
54.30163859
53.84550621
53.42143434
52.45592388
51.90170671
51.41524433
51.05924483
50.43562926
49.82807293
49.05466141
48.76490176
48.34677501
47.6457156
46.6531783
46.19900409
45.75372887
45.33481709
45.02116415
44.03190577
43.75027833
43.42740386
42.77716231
42.39566754
42.25325952
41.29633721
41.12944077
41.00052645
40.44253785
39.9376317
39.75470917
39.34654816
39.09205922
38.84733361
38.74091315
38.20232625
37.74669073
37.42421706
37.04347648
36.85639158
36.40003548
36.28955403
35.82846048
35.43585245
35.33939339
35.24552046
34.74731815
34.57723963
34.40299858
34.02775546
33.7804457
33.59074832
33.44908543
33.25900407
33.00834916
32.79060189
32.53244024
32.39475015
32.18196376
