424.5961025
364.0958111
268.0696151
234.5070432
220.7924714
189.5012204
163.3415504
150.6451424
137.7805597
133.7918622
120.5412334
118.0148896
109.7341175
103.3245784
100.1545114
98.36239639
95.65114369
92.0414764
89.12991593
86.58686325
84.92639163
80.5923847
78.31600125
77.42646374
74.2702512
72.67469915
72.1538633
70.11997021
69.80162746
68.71688026
67.37161969
66.50463334
65.4378827
64.9036906
63.20236304
61.97154195
60.09703048
59.38527218
58.65084488
57.53943448
57.37196594
56.20745936
55.35909962
54.86238456
53.51157052
53.31954704
52.49613651
51.82163839
51.24975388
50.74496617
50.06892872
49.61291476
49.20679995
48.87045003
48.2949299
47.57122969
46.97014545
46.13685494
45.78114831
45.33985757
44.71500382
44.45275265
44.40200993
44.25966736
43.88903799
43.1641344
42.54463256
42.37098458
42.22562151
41.97540661
41.670372
41.06126054
40.74518673
40.34820208
40.05613425
39.41783097
39.27167873
38.91843836
38.62732194
38.40537884
38.04723935
37.45931345
37.14975256
36.96114268
36.55208472
36.34831954
36.10965101
35.96765236
35.81849384
35.50915655
35.40450336
35.14985516
34.76361825
34.56933794
34.30834062
34.13869795
34.00115251
33.50876949
33.12768001
32.99015022
