419.5184022
342.465544
269.9135954
229.301829
214.42425
197.6190619
177.6179504
158.1679867
143.8305912
137.7815157
132.3411229
125.5763473
122.5493696
115.0253647
106.8493856
104.08063
100.6249812
98.07734427
96.94504048
93.31509493
91.28111016
88.70906379
86.98661992
85.44896829
83.06693777
80.89912571
78.87499035
77.22328253
76.12938244
75.67417949
72.77000318
70.8954818
69.7470016
69.49813343
67.74011322
65.99936329
65.2096304
64.16828876
63.25245231
61.06463069
60.93233553
59.735569
59.41328757
58.62981725
58.29496848
56.50270884
55.65466371
55.24935143
54.4949733
53.78297627
53.5818213
52.32785804
51.79064093
50.78149245
50.36064446
49.7184404
48.95451567
48.46807034
47.89875484
47.53312112
47.13238823
46.72022899
46.20202217
45.4261537
44.95980884
44.85703152
44.323482
43.94885048
42.24927627
41.96436069
41.2652397
40.76349462
40.59337884
39.77811001
39.33504905
38.80000015
38.4017061
38.04726242
37.84198456
37.49745227
37.12263503
36.60164438
36.05985795
35.90673394
35.38928781
34.69345573
34.51163259
34.11843284
33.66786445
33.48277441
32.87740178
32.43871375
31.89707083
31.81700305
31.41995391
31.0368619
30.44368973
29.90276411
29.61327474
28.53735536
