403.4712119
354.3028355
252.7849558
240.7346078
235.906502
204.4140648
175.6652173
165.5026112
148.2461441
142.2902292
132.430073
126.3808373
118.3840256
113.418985
108.2647984
106.2879417
100.3210827
96.57276658
89.46680766
88.82908545
87.27542545
83.47741082
82.57549044
80.06209237
78.745119
75.56071926
75.13161978
70.34918386
69.10984
68.11494308
67.5065773
65.6044319
64.27745115
62.7907116
61.45946445
60.39800131
59.49729395
58.68576239
57.89388781
57.19279257
56.34485035
55.74813015
55.1093088
54.410059
53.73934031
53.03788339
51.63661707
51.2599028
50.64674578
50.52854099
49.70830165
48.91106718
48.17403043
47.93313638
47.34705867
46.62155401
46.46107987
45.53740265
45.22467065
44.62076775
44.26431556
43.54876278
43.01789521
42.60423716
42.19766593
41.7594722
41.52989037
40.81789732
40.68368734
40.28686895
39.67812501
39.46224682
39.18616106
38.97612613
38.61822303
38.04259162
37.48483944
36.94707597
36.78571535
36.43602888
36.06876078
35.73725539
35.25205004
34.94393441
34.57065276
34.3268801
34.20892193
33.9774438
33.70961614
33.63792685
33.05750353
32.95337153
32.68288112
32.43083752
31.95097995
31.8690121
31.71381808
30.93856249
30.78956707
30.67244011
