462.8421214
384.2900574
296.9391511
242.007728
226.7154292
198.1809783
189.3831622
168.526759
161.7776329
160.7356751
152.959253
147.9086547
143.8443514
132.725106
125.0662629
120.861716
118.4457614
116.8213833
114.1060511
109.3669485
108.4222811
105.2040734
100.9166279
97.48403576
96.35225802
91.31404614
90.45963856
86.87530496
85.30888713
83.34731056
80.47088133
78.25329176
76.89436888
75.85339034
73.92834177
70.5607662
69.83052799
65.30421709
61.48815346
58.84504414
0.06698568667
-nan
0.04089508325
0.03449476484
0.03081524293
0.03062219324
-nan
0.02550530345
0.02366958498
-nan
-nan
0.02148898437
-nan
0.02028027921
-nan
-nan
0.01567240139
0.01553776524
-nan
-nan
-nan
-nan
0.01440968661
-nan
-nan
-nan
-nan
0.01240138984
0.01201860116
0.01185205526
-nan
0.01025470145
-nan
-nan
-nan
0.006860371216
-nan
-nan
0.00590568702
0.003002632966
-nan
7.121546289e-06
4.690716106e-06
-nan
4.003773344e-06
3.471860984e-06
-nan
-nan
3.150080927e-06
3.029389345e-06
-nan
-nan
2.678659559e-06
2.607843392e-06
-nan
2.547854389e-06
-nan
2.420040978e-06
2.404474685e-06
-nan
