416.0229327
364.8774714
266.433362
246.9971531
213.0125234
196.0751353
165.2706383
145.9220213
142.2327357
137.3977385
121.7102073
117.2313486
109.6220421
109.3297177
106.2289972
103.8170101
96.00543125
93.06389533
92.02146081
88.9098781
87.4078931
85.92780891
83.6359208
82.83871842
77.40988256
75.45026491
74.80691493
74.55841396
74.25737219
72.06180363
71.17337843
69.11958682
68.5058501
66.31933233
65.37562489
64.40363991
63.43184012
62.91334602
61.97681826
61.02455023
60.01280711
59.00568477
58.14177658
57.57448531
56.78417958
56.40753599
55.35437686
54.92394469
53.44399379
52.98836877
52.47606684
51.29320266
50.57551511
50.37551564
50.01279402
49.03525079
48.18925192
47.92977372
47.77256685
47.24030908
46.69506183
46.0603598
45.69179983
45.19365619
45.13340806
44.80984989
43.97454542
43.45794815
43.21705255
42.68828489
42.30061357
42.14351165
41.69946024
41.44977998
41.20003876
40.79483898
40.45156419
39.78371892
39.54870316
39.22075286
38.92867131
38.72404215
38.50375531
38.15091727
37.93720694
37.62927819
36.9726518
36.55089741
36.45652199
36.19872395
35.80729439
35.12757165
35.04646682
34.77296748
34.58203442
34.44877583
33.87497291
33.84847338
33.47769744
33.19565333
