421.0893031
370.2537321
268.7284933
236.7618657
225.7093599
189.7610547
165.9534481
149.7493059
137.5746982
132.600264
123.5777388
120.3039082
110.1748254
106.1713651
101.6830461
98.98841835
98.24235558
93.3328541
92.82408692
87.09824329
85.71897026
84.39373471
83.2380236
79.85322171
77.75825285
77.51553596
75.18473802
74.02352527
70.6140411
69.13077259
68.73239276
67.89827969
66.46577994
64.10667454
63.3788787
63.14007037
62.15588475
61.45792749
59.55823344
58.91070984
58.26810928
57.16607749
56.45367686
55.63368534
55.24594337
54.78174175
53.97212745
53.04738816
52.78801874
51.98591074
51.79958438
51.13549475
50.14274069
49.87248261
49.25118364
48.63487093
48.12063538
47.59823249
47.29293518
46.82682371
46.29171418
45.69370903
44.86586495
44.63415103
44.09402592
43.7374782
43.27920046
43.00989521
42.45463096
42.16613292
42.04104206
41.53467871
41.28987801
40.6927082
40.36325782
40.24676723
39.75658439
39.39911377
39.1603368
38.9065125
38.68952646
38.50497572
38.1413909
37.50534864
37.23177567
36.57631801
36.31915777
36.20551904
35.92354879
35.70964934
35.26763369
35.03610385
34.74699614
34.40318366
34.04497893
33.81141191
33.57105277
33.40410778
33.19487616
33.07338229
