376.2789197
335.2907093
304.3791581
244.1234255
196.6732122
169.2723604
118.0515969
-nan
0.02895987179
-nan
0.02775404037
0.01964579126
-nan
0.004255354387
-nan
-nan
-nan
-nan
3.67942269e-06
2.259290857e-06
-nan
1.879885594e-06
-nan
1.810430543e-06
1.764624804e-06
-nan
-nan
1.690099554e-06
-nan
1.670433156e-06
-nan
-nan
1.59731793e-06
1.582029405e-06
1.600577075e-06
-nan
-nan
-nan
1.532868743e-06
1.551862202e-06
-nan
-nan
1.494303313e-06
1.494863732e-06
-nan
1.492992437e-06
1.476862884e-06
1.491210171e-06
-nan
-nan
-nan
1.443211216e-06
-nan
-nan
-nan
1.413847614e-06
1.411385145e-06
1.408004286e-06
1.405968755e-06
-nan
-nan
-nan
-nan
-nan
1.335069403e-06
1.381089209e-06
1.368932473e-06
1.350464857e-06
1.344394472e-06
-nan
-nan
1.320982108e-06
1.321103096e-06
1.315731154e-06
-nan
-nan
1.289593094e-06
1.304086638e-06
-nan
-nan
-nan
1.276393804e-06
-nan
-nan
-nan
1.25354319e-06
-nan
1.233173537e-06
-nan
-nan
-nan
1.223434326e-06
-nan
-nan
1.232067741e-06
1.20607881e-06
1.188418834e-06
1.197275519e-06
-nan
1.1892668e-06
