469.3826739
416.6078045
352.1834409
-nan
0.02845881398
0.01604335914
-nan
1.039635881e-05
4.635378119e-06
-nan
-nan
2.916897296e-08
-nan
2.937662491e-08
-nan
7.880287204e-08
-nan
4.387748026e-07
2.805528621e-07
-nan
-nan
-nan
3.56348461e-07
4.468492716e-07
-nan
-nan
3.263220721e-08
1.693153872e-07
-nan
-nan
4.733529152e-08
1.038502366e-08
1.446496659e-08
1.495503631e-08
1.595222163e-08
-nan
-nan
1.397688863e-08
2.418577004e-09
7.091975027e-09
1.035869617e-08
-nan
1.16721492e-08
-nan
-nan
-nan
-nan
4.756383257e-09
-nan
3.649832386e-09
-nan
2.775209008e-09
-nan
2.095025159e-09
-nan
1.576071503e-09
-nan
1.183646773e-09
-nan
8.881556168e-10
-nan
6.661239099e-10
-nan
4.994728617e-10
-nan
3.744628533e-10
-nan
2.807192493e-10
-nan
2.104345425e-10
-nan
1.577435167e-10
-nan
1.18244284e-10
-nan
8.863505737e-11
-nan
6.643995292e-11
-nan
4.980242074e-11
-nan
3.733126221e-11
-nan
2.798299084e-11
-nan
2.09756834e-11
-nan
1.57228873e-11
-nan
1.178540622e-11
-nan
8.833941688e-12
-nan
6.621425816e-12
-nan
4.963181063e-12
-nan
3.718710448e-12
-nan
2.788854215e-12
