416.3838093
352.1846823
260.9282748
230.1876711
213.113088
193.2953291
181.6210708
165.6356018
157.6496263
132.8202648
130.8766948
116.1536804
114.5153575
108.0314665
105.976561
99.02187534
95.96573836
94.73216357
93.29256056
90.54048509
90.24810653
87.39369235
86.21499098
84.42259654
81.72547448
78.40303732
76.81895095
75.2846234
74.29024709
71.91534614
71.59571096
68.6320212
67.56063948
66.7268058
66.01970511
63.9232141
62.96676532
62.40636889
60.61276702
59.74189403
59.49852559
58.29007147
57.53513438
57.13038374
56.26050978
55.67670651
54.37907537
53.61906514
53.08817396
52.76308732
52.14088083
51.2150107
50.12753686
49.39987377
49.34006714
48.50142779
48.07362729
47.81504441
46.78804513
46.27112391
45.90991376
45.74086394
45.12564398
44.44437772
44.00221556
43.92869924
43.23029047
42.56671599
42.30079864
41.95304233
41.51194142
40.61974204
40.19760175
39.88436155
39.56389847
39.24469011
39.02438354
38.36915184
38.12029038
37.52699096
37.24546146
36.9227036
36.43737614
36.1296218
35.76837057
35.39200437
34.76876849
34.5138651
34.30282111
34.07474147
33.75047588
33.25437463
33.01200004
32.93636236
32.26061465
32.00867864
31.61286944
31.20590059
30.78994696
30.66129612
