442.0963395
384.9614956
318.5850369
285.5060078
249.0062848
225.0684294
200.2996909
190.5841385
181.429427
168.4466892
156.4349299
146.7965685
139.692311
130.5420896
126.1845229
118.7022909
115.801341
111.7158887
106.5239116
97.18422138
73.56932496
-nan
0.06237765959
0.03871220695
0.03645222699
0.0363904537
0.03194998494
0.0306954069
0.02871136783
0.02855747057
0.02374304044
0.02138044765
0.02061367832
0.01931631914
-nan
0.01827192419
0.01804856228
0.01646780706
-nan
0.009803564186
0.003068575188
0.001168397079
9.434076244e-06
7.996108146e-06
7.137589427e-06
6.319754234e-06
-nan
5.346091424e-06
-nan
4.468351332e-06
-nan
3.912966672e-06
-nan
3.416955484e-06
-nan
3.033518163e-06
2.920439703e-06
-nan
2.628241497e-06
-nan
-nan
6.509468635e-07
6.208275221e-07
3.255360138e-07
-nan
2.891810802e-07
2.796096745e-07
-nan
-nan
1.629796675e-07
3.680205564e-07
-nan
-nan
-nan
8.533725843e-08
-nan
4.33412258e-08
-nan
1.366872444e-07
-nan
1.010173782e-07
6.136229523e-08
-nan
-nan
-nan
-nan
5.539219099e-08
-nan
-nan
2.754270866e-09
2.758241441e-09
5.466560175e-09
6.963782615e-09
-nan
1.858402793e-09
3.069731809e-09
-nan
-nan
3.644301789e-09
-nan
