414.0197194
364.1012412
263.7746898
259.7916967
236.6630537
207.5087663
172.8551052
172.2190438
151.512671
140.1274154
133.2866203
127.3582905
122.3371353
120.1405954
117.4347189
111.732577
105.2889886
100.8518952
97.3554268
96.29743025
93.84284173
92.98525819
91.21893279
88.20851633
85.45491723
83.31095097
80.95243378
79.25828127
77.31112561
74.60883938
72.9427207
71.47631137
70.7168255
69.13458103
68.2316404
66.98899899
66.62757287
64.9998706
64.01241049
63.20498162
61.42383122
60.8611075
59.60759452
59.38153807
58.08411148
56.65300613
56.05826549
55.53830177
54.50812852
53.24878856
51.87039811
51.68434154
50.96540722
49.84999014
49.05163973
48.16321852
47.35142926
46.78604224
46.30959636
45.82996692
45.47367148
45.16286634
44.36453283
43.59281915
42.91176444
42.39433954
40.76713892
40.43010401
39.38767805
38.77244817
37.24041239
36.71359013
36.48147312
36.21724772
35.02900311
34.32075159
33.46439049
32.12964871
31.97113077
31.08778922
28.91503245
27.90235427
27.47723953
-nan
0.03718677035
-nan
0.03226612181
0.02996942944
-nan
-nan
0.0257734639
0.02472428385
0.02071550093
0.02071052551
-nan
-nan
0.01909389679
-nan
0.01630712326
-nan
