428.1018917
362.8048419
271.065141
243.0386913
222.0131954
188.8161516
161.2503503
154.3777622
142.2077439
133.4648471
122.2203202
113.7633586
111.5970591
106.1397695
101.3994269
98.2027346
96.15878004
93.97287669
89.96120239
88.71154479
82.5155504
82.235186
79.71376506
79.13355604
77.0288076
75.89297729
73.02598061
72.28954209
69.9046877
68.5896845
67.79656183
67.38517709
66.2016951
65.45840922
63.88816979
63.13963116
61.00696846
60.7258526
60.04703837
59.06635613
57.70937543
55.89865134
55.18422702
54.98491065
54.6215317
53.82582034
52.95735265
52.77595472
52.42163186
51.55682396
51.20229759
50.83778292
49.52899267
49.41872379
48.4718445
48.07837442
47.86201472
47.30521191
46.99634695
46.72545678
46.14696689
45.35864191
45.03933545
44.83580568
44.52089093
43.81703922
43.04411587
42.86377548
42.56519689
42.1729115
41.88557091
41.54689632
40.93400746
40.64870878
40.29737507
40.11104675
39.32080202
39.084999
38.74751853
38.56463239
38.37103906
37.8431755
37.73905071
37.43186687
37.36868076
37.08909327
36.7792188
36.52834912
36.36293339
35.99883682
35.71208088
35.50918816
35.14248252
34.75559055
34.47261627
34.24210617
33.98606945
33.81703446
33.52516947
33.50639959
