430.8188445
363.9948037
339.1976544
273.2732691
251.2320439
217.5838921
210.0178915
191.5918498
179.5357195
174.7993732
165.856509
159.6515263
150.5528828
145.8172886
137.2331824
132.805818
128.7315005
123.5526649
111.8919716
108.4403345
0.04302588075
0.04235801971
-nan
-nan
-nan
-nan
0.0287756106
0.02675768173
0.02471825315
-nan
0.02369961388
0.02287995356
0.02185210116
0.02174254437
0.01957588209
0.01935419386
0.01634352109
-nan
0.01044361144
0.004182892315
6.770856746e-06
-nan
5.255814007e-06
4.893665331e-06
-nan
-nan
4.178251873e-06
4.141014343e-06
4.05888563e-06
3.472715875e-06
-nan
-nan
2.813600714e-06
2.750096111e-06
-nan
-nan
2.07285021e-06
-nan
2.042690875e-06
2.032557015e-06
-nan
2.012248139e-06
-nan
-nan
1.992817586e-06
-nan
1.973355788e-06
1.97325993e-06
-nan
-nan
-nan
1.955598838e-06
1.952926817e-06
1.9305165e-06
1.926111671e-06
-nan
-nan
-nan
-nan
1.905079112e-06
1.885742541e-06
1.883497231e-06
1.341072688e-06
-nan
-nan
-nan
-nan
1.864072528e-06
1.860321956e-06
-nan
-nan
1.830384189e-06
1.834133317e-06
1.818892107e-06
1.815756919e-06
-nan
-nan
1.810855607e-06
-nan
1.799028719e-06
