429.4622825
369.9397
272.2868243
243.9430701
230.0088156
191.2608255
166.6561269
145.3313883
143.5429747
129.5163894
121.6745656
117.0350384
112.2365457
108.4982494
104.4224842
101.6030683
96.18551323
94.9728024
92.55749052
85.55446102
84.89443187
82.1083666
80.23623785
79.29387292
75.63120441
75.13852589
73.19289401
72.05371616
70.42456969
69.40577049
68.54613475
67.9035683
66.64711428
65.03087194
64.68619998
62.7785102
61.59046694
60.72079679
60.41652773
59.75703673
59.09254303
57.84204271
57.56002278
56.39244202
55.49701327
54.60461728
53.95988568
53.30126581
52.37395884
51.9054234
51.02297758
50.94424137
50.44887379
49.5547354
49.43083305
48.87291982
48.63678941
47.98897586
47.28804417
47.23967717
46.41829708
46.20058918
46.00932479
45.65443469
44.95157036
44.63037753
44.14697484
43.43506223
43.33517429
43.11797147
42.3356628
41.90507265
41.53443969
40.76949987
40.64462088
40.17785745
39.77673995
39.19207112
39.01843817
38.73099445
38.44601538
38.2234283
38.04644645
37.78814901
37.58257507
37.05021099
36.88661006
36.62508842
36.46223788
36.40753908
35.56469401
35.24357618
35.02828165
34.89641512
34.65432253
34.180093
33.96562336
33.81499975
33.59768832
33.33416286
