422.9183068
375.3994128
266.451798
246.0300868
231.5114352
191.4274706
173.127505
169.0228208
156.6998495
147.2840279
137.549147
127.7163749
121.4264294
115.5006566
112.1808128
110.9797287
106.7250768
105.0622509
103.2391635
101.2570324
96.21268228
93.81058044
91.42658636
89.11165144
86.90945949
85.71382414
84.68168057
84.19282964
82.84543073
82.03768295
79.48417167
75.81896982
75.27985071
73.78148189
72.50079445
71.70604296
70.49792967
69.91092362
68.8284538
68.21228041
65.80406305
64.74433217
64.37621307
62.88858851
62.09279525
60.43998486
60.19036707
58.59865838
57.23343539
56.02819092
55.58507293
54.41245803
53.45882253
52.6960305
52.59602542
51.23686513
50.88537096
50.1720086
49.76442583
48.16335508
47.5429813
46.61460093
45.83586897
45.51919191
44.42040377
43.95653261
43.24478548
42.19527436
41.08635049
40.58577487
39.78074368
39.24920489
37.91390072
37.45945509
36.49239931
35.4132
34.77718383
33.25985446
32.59621778
30.78276521
28.73388188
0.06034923241
-nan
0.0405504122
-nan
-nan
0.02994096982
-nan
-nan
0.01955479845
0.01950548864
0.01880274757
0.01866946497
-nan
0.01721364176
0.01707557767
0.01605070373
0.01557191304
-nan
-nan
