405.3827116
383.0868426
286.9407115
262.3443338
224.2519592
203.2387116
180.7481085
169.7061335
166.0262043
158.8539114
141.5570811
129.791799
121.1175771
113.1850379
108.4984637
99.98607865
99.00198969
97.35694046
92.7167659
91.1378853
90.11200523
84.10037935
82.2516469
81.23852655
78.83609912
76.60554863
75.25304689
73.38140118
71.0598157
70.61176646
69.94482504
66.97276235
66.20170664
64.99995494
64.4559195
62.23965376
60.7041085
59.18952638
58.28327903
56.9494361
56.07219151
54.41082566
52.5814723
51.17754871
50.26919905
48.9046607
48.17189675
46.48419433
44.06480349
42.82313784
40.05466454
39.42350831
37.5367941
35.58049717
0.05643557858
0.0509618361
-nan
0.04697717853
0.03504917294
0.03094120816
0.03037135916
0.0264825702
-nan
0.02018196325
-nan
-nan
0.01606645043
0.01555321251
0.01515627556
-nan
-nan
-nan
-nan
-nan
0.01235316455
-nan
0.01214304071
-nan
0.01137642033
-nan
-nan
-nan
0.01037925635
0.01014586307
-nan
0.009282728657
0.009178564896
0.008854594534
-nan
-nan
0.008396545612
0.008148632622
-nan
-nan
-nan
0.00724886412
-nan
0.007017068691
0.00687363599
-nan
