422.4324214
364.4871608
269.9558857
236.2336147
220.9580599
190.7869019
159.7108092
148.7734832
144.8048691
134.6785172
120.0090303
116.6204069
112.1544233
105.4497856
102.1679891
100.6537213
97.31754855
91.80852517
90.42511561
87.56882862
84.64442961
82.94384672
78.80608875
77.0548706
75.15943676
73.60325677
72.50791013
71.26684009
70.68087501
69.86739955
68.74019235
66.97493455
66.76585583
65.32431715
62.60237179
61.99317432
61.18929728
60.43184508
59.17769436
58.1305501
57.39693475
56.09408386
55.72693286
54.62238905
53.89676627
53.06608652
52.46425206
52.12123121
51.32097563
50.7835274
50.54456294
50.12635822
49.78495156
49.26119785
48.36790179
47.71637363
47.35579444
47.23703355
46.54730528
45.62774333
45.35938326
44.64298822
44.53630935
44.14918039
43.56812687
43.30176171
42.88853338
42.52472216
42.0825513
41.77841223
41.36690009
41.20290975
40.96045879
40.76817243
40.13840226
39.79170801
39.48171669
38.94324705
38.4769469
38.33983063
37.97573656
37.76409962
37.30916573
37.14560979
36.82670622
36.70601022
36.2389135
35.86808806
35.43844226
35.24357986
35.19241238
34.93026304
34.76081577
34.58761667
34.42117227
34.18286701
33.84320151
33.77318264
33.27122801
32.87246341
