403.5766162
362.3519222
257.6285596
252.6105288
231.2544261
203.956165
181.750258
162.9924178
156.0548432
146.2623179
135.4584157
131.0946815
124.7543732
110.5312619
109.7646526
106.8984919
101.5645503
97.58078265
96.19508963
92.61975828
91.97954313
86.5463234
83.65299944
82.45775857
80.95379168
77.43535323
76.02605763
75.43126061
74.98569924
71.78884159
70.69516481
68.61283132
67.80964373
66.80628245
66.23362253
64.6842145
63.10841649
62.49632247
61.74379949
61.22370411
59.68395201
58.60270218
58.04850715
57.03125444
56.5220492
55.33456761
54.88198304
53.60980731
53.33350375
52.81037141
52.29237172
51.25043517
50.72659172
50.41339613
49.73259097
49.59124878
49.36629273
48.57402884
47.79410001
47.73661674
46.71518611
45.77825032
45.41307049
44.45513839
44.17356572
43.69892827
43.54110487
42.49188263
42.29740013
41.51174058
40.74163243
40.61107614
40.0602967
39.47560762
38.87032993
38.23117378
38.20038807
37.83734226
37.53602545
37.24564929
36.98260381
36.6263756
36.20999134
35.47009521
35.01424191
34.67525031
34.25582877
33.92152623
33.51526446
33.01215768
32.44971748
32.32742249
31.48610084
31.29022345
30.64788494
30.41885756
30.22803502
29.66273529
29.30831648
28.95324145
