339.8320156
323.1003418
276.5418432
219.3414936
203.0087124
153.0362726
149.4500733
131.9555134
99.12125911
0.0523577266
0.04425988199
-nan
-nan
-nan
0.02060932875
-nan
-nan
0.01336134105
8.214980117e-06
-nan
4.157629567e-06
-nan
3.388931834e-06
2.983542908e-06
2.55961264e-06
1.703109308e-06
-nan
-nan
-nan
1.665045869e-06
1.67231302e-06
-nan
1.626504341e-06
-nan
1.615676564e-06
1.615298854e-06
1.614537398e-06
-nan
1.586731232e-06
-nan
-nan
1.53343628e-06
-nan
-nan
1.526629806e-06
1.514667179e-06
1.505568189e-06
-nan
-nan
-nan
-nan
1.45959784e-06
1.459525443e-06
1.446017496e-06
1.435432193e-06
1.445007333e-06
-nan
-nan
-nan
1.400955562e-06
1.409020269e-06
1.408016185e-06
-nan
-nan
1.38733054e-06
-nan
-nan
-nan
1.369133265e-06
-nan
1.376828485e-06
-nan
1.347330403e-06
1.341301349e-06
-nan
-nan
1.317980263e-06
-nan
1.317704869e-06
1.305453303e-06
1.320967113e-06
-nan
-nan
1.282096847e-06
1.276988773e-06
-nan
-nan
1.283296407e-06
1.193318883e-06
-nan
-nan
-nan
1.259725604e-06
-nan
1.251306633e-06
-nan
1.24933826e-06
1.245909998e-06
1.224121046e-06
-nan
