408.7160961
351.9649253
258.401186
232.6985591
216.9844241
196.5079434
173.7251217
155.2457807
146.4553104
137.8250046
127.0759247
117.0933418
113.5615991
105.0400609
102.0338095
97.54996609
95.86392065
91.2841305
89.13911826
85.17451851
84.75767733
83.73723597
80.34104433
78.94386066
77.08755144
76.08340818
75.56474179
73.99850832
71.6328994
70.50484067
67.3930037
66.46885752
65.35493741
64.02331901
63.51669566
62.33981334
61.28972214
60.2111626
58.54398854
57.97032332
57.12407942
56.23137233
55.56713452
54.92838842
53.98526638
53.45364619
52.78575536
52.51679249
52.33447074
51.92944968
51.45691807
50.79998385
49.93633184
48.70999793
48.13671223
47.44472848
46.95931553
46.74296436
46.28156398
45.87526246
45.55254739
45.08335332
44.84053685
44.20362748
43.25703839
42.94652436
42.56340243
42.08907023
41.67885423
41.32468167
41.06633135
40.4773418
40.2866352
39.83240943
39.34685547
39.22264184
38.66987045
38.54883767
38.23157115
37.9700778
37.89699318
37.28553159
36.84796994
36.71485258
36.297848
36.00090086
35.71050161
35.4874769
35.27585307
34.83673184
34.3960572
34.01697503
33.91272173
33.6545323
33.13925889
33.10514319
32.97432194
32.63097563
32.2796584
32.15488637
