421.2682175
399.2357242
294.8359663
278.3717289
239.561616
214.1519287
187.2161157
172.9787297
163.1933857
150.5520154
144.4456586
132.5755438
124.161777
120.3401434
112.8380865
107.4241563
104.3925246
102.8212305
98.46739144
97.01192881
92.80526654
87.93449858
87.22968803
84.85628483
84.0729403
81.66543526
81.50819832
80.15199891
75.92450381
74.17411615
72.52253702
70.71142066
68.54081753
65.71490415
64.77844465
63.98553184
60.40940433
57.5905635
53.92931394
52.01092543
48.19542414
46.17368959
44.16520318
0.08479201816
0.0694728944
-nan
0.04131075535
-nan
-nan
-nan
-nan
-nan
-nan
-nan
0.01938623941
0.01926405486
0.01912579817
0.01740730655
0.01442311779
0.01379586138
-nan
-nan
0.01288150543
0.01246322287
0.01230876595
0.01171205431
-nan
0.01070324976
0.01051760064
-nan
-nan
0.009579688384
-nan
0.009440352024
-nan
-nan
0.008931566166
0.007246478523
-nan
-nan
0.005599870306
0.005267059098
-nan
0.003615829286
-nan
0.00220974305
1.434428457e-05
9.383674927e-06
-nan
-nan
5.187047123e-06
4.841307003e-06
4.819042003e-06
4.413468729e-06
-nan
-nan
2.645838346e-06
-nan
2.545781797e-06
2.533984819e-06
