402.4067163
384.4182735
293.4843547
269.4449508
237.3936052
206.5708503
180.1465767
169.2594589
162.5816691
150.351574
141.5780733
123.8755141
120.5201495
112.7723119
105.1082396
102.8596559
99.50523863
95.19863488
92.98084643
87.6060138
84.61268378
82.96112253
80.84225229
78.89851804
77.47868209
74.33403524
73.83973568
72.71613684
72.19368103
70.07135229
68.05843669
66.13198695
65.23920227
63.78024414
62.41875054
61.83879299
60.54440901
60.35792554
58.83787002
57.53250201
56.45534239
54.82103992
53.43537781
53.37262956
51.38494412
50.13683332
49.78785056
49.07586573
48.50503572
47.54639919
45.6767474
44.23396433
44.20738397
43.27467361
42.54993034
41.29898424
39.734177
38.66352952
37.70338228
36.88313507
34.18815882
32.37361478
31.44868951
29.76072749
26.18816581
-nan
-nan
0.05834263066
0.05218384656
0.03394011383
0.027651754
-nan
0.02411977874
-nan
0.02042139205
0.02020942488
-nan
0.01737590551
0.01693713096
-nan
-nan
0.01389662294
-nan
0.01333884478
-nan
-nan
-nan
0.01097940049
0.0108764996
-nan
-nan
-nan
0.01045413681
0.01021131596
-nan
0.009360555949
-nan
0.008800879286
-nan
-nan
