414.4025268
386.5953594
285.9586048
267.220584
241.4347314
203.197677
190.4922365
175.4127815
157.6684865
138.3723826
134.5251475
124.9658262
123.968821
116.0204234
106.2785142
99.10887034
97.94770016
97.0022839
91.74585623
86.74025786
84.91276547
81.7742915
80.83343165
75.30567623
74.18153125
73.07587351
72.43846225
70.82803084
69.89778957
68.61841325
68.51873671
66.25040806
64.07416581
63.15918647
61.50971289
60.40905767
59.79683855
59.37888238
57.22795984
56.36815781
54.24251761
53.35365117
52.90717516
52.25067632
50.65521067
50.22763461
48.36134021
47.58498778
45.8641058
45.61529219
44.5870604
43.86378522
43.19940531
41.80960865
41.29140214
40.45642323
38.89102973
37.58063227
36.83056193
36.46954727
34.52583765
33.79486944
33.66139498
30.86392092
29.5266975
0.05772482181
-nan
0.05603574971
0.03277138183
-nan
-nan
-nan
-nan
-nan
0.0194350613
0.01894957969
-nan
-nan
-nan
0.0155688266
-nan
-nan
0.01468958247
-nan
0.01373160731
-nan
-nan
-nan
0.01282648865
-nan
0.01092735613
0.01047660851
-nan
-nan
0.009929690846
0.009633868412
0.009441984304
0.009340796198
0.009292748803
0.009067741981
