446.9907776
385.5743562
357.7028971
333.2872863
276.8532796
261.0343216
233.0160396
218.0753913
209.9489949
177.2204212
0.07749636602
0.07270672902
-nan
0.05674533974
0.0545711731
-nan
-nan
0.03578404466
0.03396201309
-nan
1.045373244e-05
6.173448219e-06
6.002827912e-06
5.391843628e-06
4.927811763e-06
-nan
4.495215799e-06
-nan
-nan
-nan
2.163716934e-06
1.201140362e-07
-nan
1.284456722e-07
5.970482367e-07
5.960062392e-07
-nan
-nan
5.567096306e-07
-nan
7.057378494e-07
-nan
1.781310051e-07
4.353548457e-07
-nan
-nan
5.245666763e-07
4.180980533e-07
-nan
-nan
1.757192702e-07
1.842205003e-07
-nan
-nan
1.282987413e-07
-nan
-nan
-nan
-nan
7.538368225e-08
1.589732921e-07
-nan
6.580449533e-08
-nan
-nan
1.826641574e-07
-nan
7.965184228e-08
-nan
4.595730442e-08
-nan
-nan
3.264586451e-08
1.248590589e-08
-nan
6.434811272e-09
-nan
2.427778561e-09
-nan
9.405969316e-10
-nan
3.658421562e-10
-nan
1.423777025e-10
-nan
5.542085706e-11
-nan
2.15836625e-11
-nan
8.403937261e-12
-nan
3.297903948e-12
-nan
1.364348445e-12
-nan
9.10950704e-13
-nan
7.511280313e-13
-nan
5.065950459e-13
