418.4290799
352.4491326
268.5268552
237.0472033
216.3552968
188.7087162
187.3172576
162.3898415
154.9503929
142.8463634
140.5509412
127.7249721
121.2625205
115.5670232
110.7273123
108.0184064
100.8845884
99.64618733
96.86534711
96.71748627
94.09459528
92.2762342
89.8892357
86.2845104
83.98706929
83.51254945
83.13573735
81.4325512
79.13405528
77.82792304
76.24880042
73.63172327
73.0305793
72.0505765
70.88461164
69.59772306
68.43229954
67.25636751
65.65688657
65.31479501
64.53099829
63.41906746
62.02700445
60.96028749
59.98667686
59.37547764
58.02115463
57.7713478
56.29852703
55.01790405
54.57354039
54.35425355
52.33463323
51.50435982
51.14022
50.23930369
49.60715672
48.43976994
48.21523203
47.932984
47.35192913
46.52473155
45.6899155
44.78583393
44.09626884
43.44443661
43.14488118
42.42973873
41.9329765
41.08223767
40.77550795
40.7245068
39.82135978
39.26161981
38.24950106
38.14071785
36.78577493
36.29656537
35.71496489
35.50193749
35.06893052
34.40346062
32.84476145
32.4934937
31.6809978
30.58967597
30.40556431
29.05404312
28.7916287
28.26456977
27.39660832
19.7177334
0.06563707351
0.0398337746
0.03452579288
0.03287289697
-nan
-nan
0.0255563471
0.02169033707
