430.2498491
392.9246815
263.9572479
-nan
-nan
-nan
-nan
-nan
-nan
2.125815703e-06
1.9621078e-06
1.93824092e-06
-nan
1.844680596e-06
-nan
1.73153403e-06
1.745784793e-06
-nan
-nan
-nan
1.633220068e-06
1.644407293e-06
-nan
-nan
1.574265138e-06
-nan
-nan
1.49698107e-06
1.54020717e-06
-nan
1.489453472e-06
-nan
-nan
1.476724313e-06
1.454499623e-06
-nan
-nan
1.419260179e-06
-nan
1.398034332e-06
-nan
-nan
1.405973705e-06
-nan
-nan
1.347447813e-06
1.372406758e-06
-nan
-nan
1.334845372e-06
1.290859275e-06
1.294698668e-06
-nan
1.271266885e-06
1.278569064e-06
-nan
-nan
-nan
-nan
1.264482778e-06
-nan
1.243019763e-06
-nan
-nan
1.213861664e-06
-nan
-nan
1.199761569e-06
-nan
1.188284483e-06
1.16395996e-06
1.173419896e-06
1.167129838e-06
-nan
-nan
-nan
1.145167571e-06
-nan
1.128748186e-06
-nan
1.152132277e-06
1.123332862e-06
1.089716916e-06
1.092880095e-06
1.120889529e-06
-nan
1.108634571e-06
1.112065938e-06
-nan
-nan
-nan
1.091989959e-06
1.072656178e-06
1.041746134e-06
1.054886133e-06
1.06304818e-06
-nan
-nan
-nan
1.046703624e-06
