424.8484846
394.1583823
325.4656751
282.2435219
252.1477117
229.3982442
218.804998
189.556889
183.6280718
169.785904
160.6614792
159.8769803
156.1072943
148.786768
142.3777939
138.5894655
124.8607034
121.8471262
115.1772519
107.6657734
0.04738945516
-nan
0.04083526123
-nan
0.02956045258
-nan
-nan
0.02535346261
-nan
-nan
0.02219778254
0.02175425179
-nan
-nan
0.01998717056
0.01919006354
-nan
-nan
-nan
-nan
-nan
6.494055675e-06
-nan
4.939571355e-06
-nan
4.592334006e-06
4.441361036e-06
-nan
-nan
3.429081004e-06
3.229874455e-06
2.903031424e-06
-nan
2.730608608e-06
2.128705352e-06
-nan
1.56906299e-06
1.308785794e-06
1.096057097e-06
-nan
-nan
1.263761074e-07
-nan
6.870215439e-07
-nan
-nan
2.845120904e-07
5.086379926e-07
3.362170739e-07
-nan
5.104729197e-07
-nan
7.55058343e-08
1.593299773e-07
1.82294531e-08
-nan
-nan
-nan
-nan
-nan
-nan
9.945627469e-08
-nan
4.781966418e-08
-nan
1.194781983e-07
4.513709282e-08
1.197214752e-08
-nan
-nan
-nan
6.216024925e-08
3.980605242e-08
-nan
-nan
2.627850734e-08
-nan
1.728018556e-08
-nan
-nan
