402.0374794
348.8304951
259.7311535
254.3554499
236.2881122
203.887907
176.621207
162.2196669
156.23698
147.7602201
135.8663817
127.3618593
122.7380124
119.166002
111.2570709
106.8752684
102.0662358
100.8111171
97.39844546
94.75867767
89.60963738
88.88115144
86.57876048
82.21416689
81.92650206
77.87035283
76.31899708
73.51344194
73.3870499
71.67843685
70.29212671
69.99333815
68.92202208
66.3936057
65.8467898
64.43216051
63.0198976
62.30573721
60.94392789
59.80750044
59.4907399
58.97937083
58.23989087
56.72729642
55.98136075
55.03992263
54.51056471
53.82794146
53.52705633
52.49427964
50.82893237
50.417823
50.08306562
49.16547322
48.76302589
47.81203736
47.06265424
46.71416018
46.32893598
45.52170955
44.57367639
43.85112128
43.33844781
42.54884788
41.68107018
41.47183086
40.93708453
40.63788745
40.10679799
39.93361414
38.82415159
38.50859978
38.24362224
37.70048011
37.28749567
36.88343514
36.52277024
35.26983822
34.95091809
34.60836864
34.08793147
33.59170575
33.08074352
32.9289539
32.31241555
31.7718636
31.43427077
30.99811532
30.56600768
30.29720627
29.57779266
28.86492123
28.18101103
27.83351885
27.1218637
26.35958628
25.88816399
25.42566552
24.65585427
24.19196325
