404.8985907
378.6405451
278.9101986
270.1478656
242.2320303
201.4632557
183.2655998
165.8265819
149.5679359
142.0661082
128.1603483
122.1147216
118.7890056
112.392387
103.0626149
97.50791673
90.46941016
88.39932363
86.9037857
84.88557437
80.46993957
79.10282224
77.53597715
76.07740236
72.59246798
71.71052367
70.62335206
69.19278263
68.34041488
66.96128998
65.06832891
64.50508274
62.22607115
60.82962881
60.23833741
59.49831835
58.28155613
57.02061204
56.69651189
54.98650525
54.66806404
53.44802389
53.07667873
52.30086556
51.97832233
50.92275315
50.79592105
49.65099825
48.88814775
48.65129322
48.07076645
47.24765544
46.16233342
45.82095836
45.37901533
44.09804767
43.10629164
42.42847409
41.54645027
40.82801891
40.2757953
40.11344498
39.03039725
38.45549338
37.85959645
37.4510486
36.23578626
35.9937748
35.23124016
34.78043036
33.66022078
33.17613583
32.75260576
32.47595344
31.65092056
31.49477318
30.99233777
30.25611797
29.41581394
29.19776423
28.33259084
27.92903025
27.10201366
27.08639835
25.73244076
23.89397347
22.90100975
-nan
0.0786071445
0.046063391
-nan
-nan
0.03222109107
-nan
0.02574544366
0.0207472237
0.01876492518
-nan
0.0159114909
0.01483006262
