422.2164617
357.4977339
277.926474
245.0422415
220.0501522
191.7617506
185.7137872
169.8149366
152.664461
138.2468069
137.1387842
133.9547907
128.4287578
124.4202595
123.6469687
121.0811092
111.9981093
109.1506374
104.9250653
103.7658911
101.3334006
98.75397304
97.06476604
92.14753102
91.13499848
89.80946971
87.0493552
86.14129048
83.42636856
81.64551267
80.14041083
78.67524757
77.62484916
75.81875792
74.59159551
73.60157101
70.75387475
69.37099598
67.60275707
66.68425548
65.69084313
64.95143914
63.08987878
61.33715421
60.80879013
59.55751591
58.55528651
56.72849191
55.54164601
55.08888585
53.07814415
52.4639396
50.141888
49.89772165
48.07087033
46.50182752
46.07717875
44.21491638
42.9399358
41.78739694
37.68938241
0.07833611323
-nan
0.0370501273
-nan
0.03006249702
-nan
-nan
-nan
-nan
0.02279596029
0.02194152374
-nan
0.02112127068
-nan
-nan
0.01781932577
0.01762169887
0.01581142459
-nan
-nan
-nan
0.01290149175
0.01284031557
-nan
0.01215939443
0.01208879894
-nan
0.0112521359
0.0110304354
0.01068716187
-nan
-nan
0.009804410883
-nan
-nan
-nan
-nan
0.008953351129
-nan
