404.1741373
383.1662016
282.8287036
265.7670399
238.3757366
199.0435903
180.4840192
166.9482551
150.4534489
138.9035715
132.6273082
123.0711085
112.7144156
110.2169957
105.6307208
99.96521993
90.49841526
87.64821087
85.19944611
81.66054202
79.37441962
76.92034548
76.26618249
75.2144094
72.15599572
70.03821652
69.51948088
68.47867235
67.15479168
65.88805982
65.15823911
62.77385533
61.74964071
59.85848695
59.72974562
58.70420184
57.71838535
57.040041
56.78049085
54.84280767
54.4630297
54.2091712
52.96377128
52.5429604
51.33858507
50.84348653
49.88589878
49.73261952
48.84946048
48.27625631
47.56267008
46.70508277
46.26395674
45.52695208
44.78134457
44.68083921
44.19257181
42.71151483
41.89215804
41.5956183
40.88655632
40.67791494
40.11262201
38.88950325
38.11986568
37.67192616
37.33385052
37.07463477
36.62986736
35.86039851
35.4128015
35.11318786
34.57121904
34.25577093
34.03192086
32.91956272
32.79059494
32.08252786
31.77558674
31.20727458
30.8384195
30.54008829
29.92373414
29.30569684
28.8351453
28.3479706
27.94919017
27.10938329
26.40787635
26.10457177
25.61957793
24.5958022
23.96392235
23.6236467
22.74515196
21.82185181
21.37247398
18.87014548
-nan
-nan
