431.398846
359.4729702
270.6848142
260.951923
231.7186882
217.9485237
187.0379494
182.3982608
149.3717125
140.9711354
138.0008247
134.2146932
123.4432348
121.7515728
116.8524229
106.0053399
105.3032737
101.8014456
99.23157018
98.34347816
93.46766856
91.36824538
89.28291058
87.43020267
83.91518192
82.73659089
79.10995064
77.43024907
74.41414019
72.98069457
71.40565679
70.37879266
68.93136732
67.89305286
66.93903269
66.22393774
64.5672937
63.26928413
61.92143113
61.55102263
60.36925669
59.8518097
58.97139963
58.37353399
56.23961818
55.94390025
54.77182739
54.54310766
53.4027993
52.1760384
51.62375102
50.54041095
50.30384933
50.01367081
49.67469194
48.92125211
48.09007537
47.11921865
46.5001158
45.63174731
45.26318881
44.17768171
42.98785895
41.39642281
40.41620637
40.0648793
39.73604611
39.15666139
38.61126956
37.93452249
37.44924747
35.11556613
34.62133342
34.2435792
33.67637414
32.39683322
31.15993999
30.33017711
30.06416029
29.12946476
27.52222908
26.86725327
25.07969258
-nan
0.06140957376
0.05511088985
-nan
-nan
0.0233267141
0.02129870511
0.01978249284
-nan
-nan
0.01718388277
0.01600839099
0.01561570683
0.01558311823
0.01495468029
0.01450616772
-nan
