418.3624699
361.1762496
273.6593732
229.2564772
224.9300247
202.1444136
170.545294
158.1190766
149.648781
138.7940369
132.1636028
121.9283083
118.7003303
111.8944283
107.011139
101.5469085
100.1231968
96.38892873
94.27822983
91.3699669
90.84522805
87.64085685
85.2724214
84.13227353
84.08009275
81.77428701
80.34160076
78.61751118
78.29711879
77.02402694
75.99736656
72.92553009
71.85970166
71.27237702
69.60216596
68.67986459
68.01171137
67.14653135
66.00169786
64.46757382
63.81188849
61.85506812
61.07689604
59.91765949
59.41570827
58.83884972
58.22934222
57.59921088
56.62655953
56.39874326
55.70411352
55.05806653
54.93339018
54.04913163
53.08803825
53.00565298
51.85063856
51.2425276
50.20290601
50.0832869
49.80181714
48.91381034
48.23393435
47.89150767
47.61628254
47.032812
46.25342903
45.5615406
45.31025849
44.32686608
43.99635981
43.3346068
43.12533978
42.39621994
41.90352149
41.1846862
40.90156419
40.07523769
39.90073822
39.37485957
39.20048793
38.7837355
38.48293945
37.77858423
37.27453474
36.86099818
36.59265626
35.79376843
35.40749684
34.63930455
34.15669549
34.04285271
33.65682032
33.08258245
32.90879399
32.68452868
32.29240939
31.78058189
31.65099217
31.20999502
