426.2922877
339.469475
289.4003439
196.3926125
179.3438329
0.0717525498
-nan
0.03238028044
-nan
-nan
-nan
-nan
-nan
-nan
2.919595477e-06
-nan
1.836216083e-06
-nan
1.758752274e-06
-nan
-nan
-nan
1.698084354e-06
-nan
1.650767396e-06
1.65095681e-06
-nan
1.643161659e-06
1.601018152e-06
1.632830543e-06
1.583594689e-06
-nan
1.560476255e-06
1.55481614e-06
-nan
1.530378501e-06
-nan
-nan
-nan
-nan
-nan
1.502264109e-06
1.472214323e-06
-nan
-nan
1.517430533e-06
-nan
1.45148233e-06
1.444176588e-06
1.437707989e-06
-nan
-nan
1.412896541e-06
-nan
-nan
1.393897732e-06
1.400304896e-06
1.391788302e-06
-nan
-nan
1.36731658e-06
-nan
-nan
-nan
1.347578042e-06
-nan
1.33719979e-06
1.329732068e-06
-nan
-nan
1.305329367e-06
1.307993344e-06
1.297464817e-06
1.298916996e-06
-nan
1.288071943e-06
1.28461327e-06
1.261107414e-06
1.253677192e-06
-nan
-nan
-nan
-nan
1.234297728e-06
-nan
1.234475095e-06
1.234145552e-06
-nan
-nan
1.214226105e-06
-nan
-nan
1.211061151e-06
-nan
1.190263907e-06
-nan
1.175400268e-06
1.184867956e-06
-nan
1.172170144e-06
