456.2768999
383.0024279
297.7061475
252.9683615
237.1740599
215.0318311
201.3892963
191.6242153
174.372822
156.5671618
151.8229868
148.4246374
146.7825399
139.7323671
135.992733
131.0009995
124.4105072
117.9966281
112.9172467
111.1700298
110.7000125
105.5533402
101.3492355
98.73906339
92.79216966
89.92934189
86.36804425
84.04678168
82.10400179
76.02180607
-nan
0.02952952985
0.02773135277
0.02713790315
0.0241837844
-nan
-nan
0.02027330083
-nan
-nan
-nan
0.01716212423
-nan
0.01568492473
0.01465567465
0.0138966083
0.0135451801
-nan
0.01267843239
0.01169324717
0.01155940423
0.01015241313
-nan
-nan
0.007569874881
-nan
0.006285160984
0.005685745232
-nan
0.0008780658964
-nan
-nan
-nan
3.20355734e-06
-nan
-nan
-nan
-nan
2.37728604e-06
2.35361651e-06
-nan
2.322582375e-06
-nan
-nan
2.331263073e-06
2.305275874e-06
-nan
-nan
2.245168626e-06
-nan
-nan
2.223789301e-06
-nan
2.156763048e-06
-nan
2.130469477e-06
-nan
2.102417167e-06
2.099532823e-06
2.0980265e-06
-nan
-nan
-nan
2.05181433e-06
2.056026711e-06
-nan
-nan
-nan
2.044526894e-06
-nan
