402.1064238
346.9770854
264.6059839
231.6698423
219.9149275
196.9544856
175.5211975
154.0919923
153.3876037
138.0906177
126.2183945
119.4773483
113.3236101
107.5512148
103.6324738
100.6554215
95.86801191
92.8196177
91.67448245
89.02847581
86.325653
85.10683922
84.79703249
82.18460395
79.7761398
76.75052266
75.54316505
74.33426509
73.68506666
73.27894723
69.77890962
67.39038146
66.38697069
64.89587935
64.36860114
62.81852179
61.70542617
61.24293352
60.38287351
58.96575595
57.90160148
57.2179053
56.55273825
56.16437637
55.52399907
54.96395443
53.21321965
52.47529541
52.40650078
51.92643574
50.73995262
50.55600225
50.06872225
49.70954002
48.82868686
48.49702319
48.04489857
47.40695021
46.86763925
46.37744559
45.80853653
45.34868421
44.56219243
43.54624343
43.44361713
43.26720716
42.78642789
41.9887627
41.74021167
41.43461177
41.13495115
40.63292889
40.38851765
40.01170932
39.68424047
39.50340732
38.93552528
38.72847816
37.97134826
37.79351051
37.39715813
37.22098148
36.91998316
36.68294838
36.27518125
35.99162727
35.63073946
35.22832835
35.08069776
34.7210867
34.07006842
34.04325525
33.32692156
33.23082083
33.11380373
32.91711702
32.57521434
31.98922564
31.87312207
31.6271203
