419.141168
361.1541365
266.0650609
243.3564613
221.9879246
186.818314
165.169404
156.3995742
143.3149012
140.1920488
121.88161
121.3660542
115.2904012
110.3328593
108.0097528
103.7169148
99.4962289
96.79226442
95.89217763
92.10228885
86.56292583
85.09990474
84.81232809
82.22943985
78.77659141
78.25791025
76.48527059
76.0521422
75.32244921
73.39613978
71.92198451
69.97353824
68.63521496
68.22236898
67.45818615
65.82784072
65.59676543
64.33354148
63.14107937
62.68444112
60.68605277
59.49296635
58.93509403
58.18405264
57.77179003
57.15953459
56.97662595
56.34743363
55.54609292
54.55706801
53.37947964
53.28715853
52.21310005
52.14218752
51.57829696
51.14331849
50.4917494
49.42826257
49.08950648
48.5717492
48.06401106
47.66641502
47.2494294
46.74244433
45.70634137
45.38229633
45.20017945
45.05064863
44.82643231
44.13666128
43.40644373
42.85116419
42.51370722
42.32100316
41.88883438
41.52286993
41.08884622
40.64726874
40.5275242
40.27705434
39.73276438
38.80558932
38.48579302
38.24571384
37.95303093
37.45351909
37.28069302
37.10318209
36.88809618
36.63536945
36.42248517
36.01395143
35.50874558
34.98900149
34.53199953
34.2256737
33.7759701
33.24232124
33.03129328
32.90950006
