402.1033714
366.8176466
324.4736233
295.863946
246.290179
216.6016808
195.5745327
189.8198882
174.7015096
157.6426617
149.6527058
145.2301606
130.1808982
125.1595858
122.3579372
115.946467
106.4464148
104.7735451
101.4606933
92.76421087
87.11865193
85.3492778
82.53428349
77.25021294
72.27090374
70.85318705
69.94017371
66.88288808
62.93434297
59.09357793
53.70380429
48.85345859
-nan
-nan
-nan
-nan
0.02691580591
0.02666128597
0.02664793439
-nan
-nan
-nan
0.01875055706
-nan
0.01591024422
0.0153900614
-nan
0.0140259027
0.01391051494
-nan
0.01356120843
-nan
-nan
-nan
0.01016307584
-nan
0.008901387818
-nan
-nan
0.006925301849
-nan
0.005610391662
-nan
0.003946991032
-nan
-nan
5.27184636e-06
5.250668378e-06
-nan
3.939146668e-06
3.774561766e-06
3.220692522e-06
2.967722022e-06
2.964350625e-06
2.58867903e-06
2.563824258e-06
2.57081083e-06
2.566058183e-06
-nan
-nan
2.405706376e-06
-nan
2.281053848e-06
2.236220218e-06
2.248120852e-06
-nan
2.200939227e-06
-nan
2.17300627e-06
-nan
-nan
2.134251992e-06
-nan
2.112943226e-06
2.098328828e-06
-nan
-nan
2.083322569e-06
-nan
2.109278259e-06
