408.0553903
392.9146024
288.3786956
278.9788833
258.2119067
221.2381342
201.1513644
196.0477883
176.9658171
171.9991702
156.2301411
153.2787755
141.6540534
139.0773805
137.5810826
130.9131894
126.0813773
121.6299439
120.3327014
115.670038
112.8359894
110.0480859
108.2521926
102.6247608
97.73967608
94.72341964
91.41006348
89.21369105
85.54121265
80.37684157
-nan
-nan
-nan
-nan
-nan
0.03005010933
-nan
-nan
0.02186663805
-nan
-nan
-nan
0.01832094379
0.0178168448
-nan
-nan
-nan
0.01530360666
0.01402512703
0.01330404082
0.01232542546
0.01206708267
-nan
0.01170342398
-nan
0.009222373223
0.008215338267
0.006908284862
0.006090970843
0.005540174642
-nan
-nan
-nan
-nan
-nan
-nan
3.611431376e-06
-nan
3.062254618e-06
-nan
-nan
2.775981956e-06
-nan
2.312725791e-06
2.270601905e-06
-nan
-nan
-nan
-nan
-nan
-nan
1.479004099e-06
1.462633826e-06
-nan
1.271964638e-06
-nan
-nan
-nan
6.292679377e-07
-nan
3.01440922e-07
-nan
-nan
3.687560749e-07
4.893708909e-07
-nan
-nan
1.682656285e-07
1.085474131e-07
3.853214129e-08
