450.6770448
426.4919293
282.1567269
213.5643159
0.0799670529
-nan
0.04253930498
-nan
1.050766043e-05
8.063226954e-06
6.882138932e-06
5.754735078e-06
-nan
2.84611239e-07
-nan
-nan
2.22124461e-07
6.140436438e-07
-nan
-nan
1.639039087e-06
-nan
2.90735083e-07
2.951627709e-08
-nan
-nan
1.200361303e-07
-nan
-nan
7.660408483e-08
9.601580969e-08
-nan
5.315698522e-08
2.480532045e-08
-nan
4.525283331e-08
-nan
-nan
4.94418111e-08
-nan
1.870794745e-08
6.447453203e-09
-nan
4.625219466e-09
-nan
3.306468542e-09
-nan
2.362310055e-09
-nan
1.687746259e-09
-nan
1.205895709e-09
-nan
8.616631138e-10
-nan
6.15715832e-10
-nan
4.399784716e-10
-nan
3.144032069e-10
-nan
2.246698142e-10
-nan
1.605475675e-10
-nan
1.147264082e-10
-nan
8.198294092e-11
-nan
5.858462085e-11
-nan
4.186429704e-11
-nan
2.991602629e-11
-nan
2.137772297e-11
-nan
1.527646392e-11
-nan
1.091664688e-11
-nan
7.801358011e-12
-nan
5.574768152e-12
-nan
3.98302778e-12
-nan
2.846173809e-12
-nan
2.033319564e-12
-nan
1.452742809e-12
-nan
1.035638889e-12
-nan
7.380073255e-13
-nan
5.275271404e-13
-nan
3.809198334e-13
