408.5586733
350.3333551
256.4950167
247.4049598
233.3808532
198.4341307
175.4559717
166.474912
149.1608989
141.6140009
134.7035591
127.0569594
118.3988282
115.409894
110.5060722
103.0144326
100.5623417
98.23147408
91.21638358
90.28377692
88.03299016
85.05232433
83.85369193
81.69404536
79.88183198
75.7910745
74.63834688
72.87058845
71.76755828
68.76901428
68.03737546
66.76005377
65.2063308
64.04377486
63.46865862
61.6339997
60.76070413
60.44906178
59.3331125
58.68380421
57.46849061
56.49629097
55.68110814
55.37643117
54.80192558
53.41504224
53.08965434
52.32050595
51.17705823
50.75465164
50.26685211
49.90641092
48.84971942
48.09171749
47.50187701
46.94079858
46.7775272
46.14882163
45.76877095
45.44104299
44.61530765
43.76985767
43.72482911
43.17566554
42.73970764
42.56279025
42.01531098
41.63841564
41.38596714
40.83763112
40.60909537
40.25695954
39.66393548
39.3941758
38.72848617
38.06511019
37.8672572
37.67870563
37.43367545
37.19940265
36.94652989
35.92294656
35.78732599
35.66513715
35.23898624
35.00715937
34.56496902
34.30590179
33.91355524
33.69413403
33.40756334
32.91145158
32.75610896
32.11181678
31.82766153
31.73925044
31.36389778
31.22349623
30.66322158
30.4550968
