441.2015849
356.4208424
281.4206995
232.4747156
224.712127
203.3014108
180.1326318
167.19057
152.7822057
148.9048408
130.9270455
122.6516328
118.8227315
116.777557
114.6832079
109.4645489
108.6568412
103.9813508
100.5414628
98.22032509
96.51334762
92.87951929
91.09981254
90.7990956
89.46634543
86.62161098
82.49974961
81.10803122
80.42136678
78.5776535
78.29876493
75.73223972
74.31596079
72.23392102
71.28223065
70.8103957
69.97823824
68.61789135
67.49287865
65.02552404
64.97427497
63.80162316
63.14080231
62.36962596
59.98687449
59.70215433
59.0509317
57.93049942
56.78887745
55.98032426
55.42254639
54.93665023
54.76541404
52.53392096
52.51988931
51.14338894
49.78214367
49.23300222
48.6624817
47.93137503
47.23509277
45.91127712
45.61008486
45.35867296
44.37639617
44.11450435
43.06978938
42.8191098
41.93447055
41.57386454
40.11576025
39.76751133
37.7891162
37.48363405
36.95060041
35.05660811
33.84263172
33.78991283
32.52608949
32.2226383
27.30414167
-nan
-nan
0.03463531395
-nan
0.03084583762
-nan
0.02748756823
-nan
0.02509553087
-nan
-nan
-nan
-nan
-nan
0.0148916675
-nan
0.01461350605
0.01453515833
-nan
