410.8999314
366.3107489
256.1304887
242.1104991
233.2382141
204.7440132
182.299071
157.1934182
148.5727525
139.4460872
123.4317044
121.0966716
113.2967299
108.3902706
107.1334173
106.0182994
99.95409338
95.50503516
93.57772069
91.98123381
89.25010535
88.41298304
86.41202394
84.32566853
82.01818772
79.6159012
78.47267368
75.86765091
74.51596441
74.12811487
71.32098571
71.14042557
70.36967087
68.80635373
66.16670422
64.65412458
63.75929933
62.96606232
62.68662803
61.61959948
60.71077246
60.26819896
59.6538313
58.64145274
57.17190621
56.48969147
56.30365459
56.02398537
55.44254121
54.49440681
54.23472792
53.09482929
52.08077228
51.62830311
50.9976449
50.02400627
49.79369267
49.34137761
48.77394902
48.12641032
47.85941355
46.98785591
46.66506331
46.55375577
45.80997502
45.06100812
44.52204411
44.06382608
43.37713615
42.98494448
42.07927086
41.57450031
41.27592432
41.06569092
40.55647111
39.69838487
39.04316194
38.71011899
38.41416348
38.38503674
37.51565343
37.45916312
36.97588776
36.1297852
35.63820888
35.2897133
34.84734239
34.24365947
34.111051
33.92366974
33.31421394
33.07500357
32.5760602
32.15534781
31.92567956
31.69209418
30.97018063
30.8506225
30.4015815
29.93805532
