437.2205283
378.3309282
303.449419
281.0265789
221.7572044
207.1918721
204.2529453
180.0483956
159.8106251
157.8684713
150.3917324
143.2601609
139.400132
134.31895
131.5286819
129.5437796
122.8888814
118.4310795
113.6970575
111.534196
106.0142432
102.8834895
98.54786936
97.86169929
96.80810871
93.32915644
91.43727677
90.23342781
87.22073906
86.10563627
83.61413372
80.96600203
79.43830134
76.1064626
73.76310606
72.25488924
70.37634951
68.83003817
64.76713611
60.07358916
-nan
-nan
0.05500600707
-nan
0.030730155
-nan
-nan
-nan
-nan
-nan
0.02292429562
0.02057862075
0.01968406648
0.01961527824
0.01868133614
0.01847194369
0.01774238252
-nan
-nan
0.01585925797
0.01512185886
0.01448288738
0.01432228118
-nan
-nan
0.01385919973
0.01348169286
-nan
-nan
0.01072708371
-nan
0.008828164628
-nan
-nan
-nan
-nan
-nan
0.005208407034
-nan
0.00186728836
8.205657296e-06
7.54592144e-06
4.779634667e-06
4.535486912e-06
-nan
3.738198125e-06
-nan
3.407942625e-06
-nan
3.232795516e-06
3.229351579e-06
-nan
2.57504954e-06
-nan
2.487185644e-06
-nan
-nan
-nan
-nan
1.942033925e-06
