353.7321121
297.5471749
243.3564099
219.305166
162.3530012
159.693524
140.0251592
105.2544468
0.04406477608
-nan
0.03081167481
0.03006562276
0.02998286326
-nan
0.01678515549
0.01042408043
-nan
-nan
-nan
-nan
-nan
3.121891045e-06
-nan
1.702088651e-06
-nan
-nan
1.610068628e-06
1.609883786e-06
1.593476128e-06
-nan
1.513975927e-06
1.493610908e-06
-nan
-nan
1.46972187e-06
1.454696888e-06
-nan
-nan
1.44359357e-06
1.428390904e-06
-nan
-nan
1.387073729e-06
1.371862124e-06
1.373453384e-06
-nan
1.337706928e-06
1.351293504e-06
-nan
-nan
-nan
-nan
1.297901945e-06
1.289233805e-06
-nan
-nan
1.265169287e-06
1.265661515e-06
-nan
-nan
1.244347165e-06
-nan
-nan
-nan
-nan
-nan
1.232416974e-06
1.207786528e-06
1.206056474e-06
1.204258983e-06
1.207750285e-06
1.189446259e-06
-nan
-nan
1.176827989e-06
-nan
-nan
1.173932495e-06
1.162772629e-06
-nan
-nan
1.152346242e-06
1.132278961e-06
-nan
1.126318943e-06
1.118289567e-06
1.122527993e-06
-nan
-nan
-nan
1.111401512e-06
1.079634633e-06
1.104166382e-06
-nan
1.090958027e-06
-nan
1.086861013e-06
-nan
1.072109456e-06
1.073286532e-06
