420.1704487
366.5790007
271.8865701
250.7740635
230.5833416
212.1799644
192.3192279
170.7283322
161.9056587
148.5791571
147.8230771
139.9700909
132.9336208
128.593261
120.8516058
118.4948993
110.4670131
104.9966254
99.70677848
98.65544606
97.2233852
91.95144687
90.12500988
89.76749566
85.30736197
82.42738558
81.57475332
78.69746188
76.25025882
74.43625981
73.03987117
71.78919232
69.63094648
68.0926558
66.38938543
65.36371447
64.45118811
64.1794695
62.63688618
61.87994414
60.03545571
59.20102458
57.18917782
56.38798127
55.59089644
54.45824664
53.90379541
52.51350685
50.69969396
49.34638337
47.35399294
46.54213208
44.93252182
43.53805307
42.43801495
40.82244416
40.2186603
39.53831617
38.79004016
35.24996553
33.12732082
26.23310378
0.08653087935
0.05321672384
0.0481091583
-nan
0.04281830202
0.04040451869
0.03687275119
0.03030315851
-nan
-nan
-nan
0.01812519372
0.01767940164
0.01637031866
0.01615704926
0.01492515261
0.01453492511
0.01430554505
-nan
-nan
0.0124095153
0.01233461767
0.01204364024
0.01138805046
-nan
-nan
0.01077477988
0.0105257937
-nan
-nan
-nan
-nan
0.009099916873
0.009052875934
-nan
0.009460324944
-nan
-nan
