413.1377788
348.9885023
254.5235658
247.4535134
241.4571446
200.4547129
173.0567329
166.7098442
150.61887
143.1138241
134.6904525
124.7840045
122.9479436
116.5674164
109.6936217
106.0753562
99.91543169
96.91945896
93.17329631
91.95081839
88.83510912
86.96980941
85.51908395
80.5205319
79.11450352
76.00675937
73.94764475
72.46440677
71.22256552
70.00408801
68.17963117
66.4727686
65.3528458
64.04946337
63.45613967
62.63423558
61.87592112
60.22814972
59.7354988
58.1169391
57.63863891
57.16991352
56.43453585
55.6426166
54.70534459
53.90277893
53.7172332
52.45190581
52.01449278
51.63992818
51.20520327
50.24317867
50.0444556
48.75780259
48.08620289
47.72692705
47.21235982
46.57071139
46.14699283
45.39025659
45.30613409
44.44664584
43.88348471
43.73402607
43.25347806
42.51602703
42.02562551
41.44153033
41.19486316
40.44605264
39.94711009
39.71886667
39.47448267
38.91988924
38.8219015
38.46782392
37.69178016
37.40362799
37.31926043
36.87304609
36.52856328
35.97982
35.80426438
35.65423737
35.34015745
34.66011656
34.52558904
34.08502533
33.62952713
33.55457302
33.16749562
32.77512252
32.29433562
31.68292052
31.43563102
31.19947051
30.99523592
30.63051428
30.47032937
30.14819615
