409.4103063
380.161521
312.6616409
269.5717538
228.9647743
214.375898
196.5069429
190.662704
167.1175555
160.6024994
156.0138434
151.4408138
141.8243332
125.8571303
122.8691009
119.3907251
111.6577408
108.5515647
105.6536182
100.3756085
96.88736627
94.38212673
91.47589543
88.31166149
87.27822677
81.79585334
79.84605705
75.01333909
66.32655123
64.7980495
63.66786976
62.665779
-nan
0.04516411804
-nan
-nan
0.03291421599
-nan
0.02913083671
0.02818575048
0.02739588732
0.02644209183
0.02617590489
-nan
-nan
-nan
-nan
-nan
-nan
-nan
-nan
-nan
-nan
-nan
0.01047955179
0.01010228618
0.009970655014
0.009960901616
-nan
0.008826515099
0.008030313973
-nan
-nan
0.003061479406
1.020587465e-05
-nan
5.951297634e-06
5.068733828e-06
4.549014924e-06
-nan
-nan
-nan
-nan
-nan
-nan
2.663634138e-06
-nan
-nan
2.106387227e-06
-nan
1.812209422e-06
1.794885275e-06
1.727212399e-06
1.705400255e-06
-nan
-nan
-nan
-nan
-nan
1.306676829e-06
-nan
-nan
8.537343481e-07
8.40433889e-07
-nan
6.224422231e-07
-nan
5.052213914e-07
-nan
3.442588612e-07
