408.9918612
350.8268407
293.131927
272.0259341
251.7286971
201.1872771
199.1687175
183.4835427
171.3892012
158.3561607
153.2954011
139.6134206
135.5149635
122.4826622
120.6542862
116.8721125
111.371036
109.8030212
107.9527599
106.4541454
101.4774
96.97461112
95.31372132
94.08366755
92.09755071
89.89466532
88.87462182
86.61500258
83.68417218
81.61474392
80.1258964
77.77949758
76.65834642
74.03124667
71.21758023
68.58136752
64.47568682
63.64681507
60.42486326
55.71942263
50.43500944
0.05823444931
-nan
-nan
-nan
0.03167992084
0.03101828453
0.02526780048
-nan
0.0221150329
-nan
-nan
-nan
0.01982184634
-nan
-nan
0.01846047742
-nan
-nan
-nan
0.01306409672
0.01275192991
0.01271149622
-nan
0.01214446417
0.0121185352
-nan
-nan
-nan
0.01106851394
0.01081508891
-nan
0.009667660236
0.008718649178
0.008497620584
-nan
0.006137482983
-nan
-nan
0.002593727065
0.002336448526
-nan
6.637051335e-05
3.33415531e-05
-nan
-nan
7.331152368e-06
6.950265169e-06
-nan
3.786461856e-06
3.363398933e-06
-nan
3.235475058e-06
3.190058099e-06
-nan
3.312821115e-06
-nan
-nan
3.003674965e-06
2.761344652e-06
