412.7379398
351.7072904
264.422012
232.3301028
219.3242817
194.6685733
174.6802354
155.036195
149.0951573
137.4706629
123.6530765
117.1623463
112.9611025
106.2233384
102.240633
98.76906485
95.33185211
91.54948978
89.66953819
87.74812557
86.42691276
83.10948123
81.70429874
80.22839258
76.50960771
75.59775839
74.16706548
71.65584078
71.13041931
70.31808503
67.80627847
65.76810299
64.09717335
63.25552559
62.93096907
61.94471438
60.63697679
59.68703611
59.14451626
58.25249296
57.60410968
56.76606376
54.45488974
54.29600998
53.53412231
52.87858844
52.37181298
51.79144725
51.55257434
50.82820321
50.63767423
49.46665105
49.09547709
48.04667259
47.71178783
46.78766911
46.35615405
45.80744131
45.52894001
45.32732452
44.60161556
44.49493032
43.61386793
43.4287467
43.20390154
42.96295176
42.32824139
41.76951703
41.63592459
41.34527943
41.01536942
40.7589035
40.19498235
39.77061402
39.39203488
38.91548435
38.66779058
38.29516585
37.87357792
37.76038439
37.49130455
37.18319805
36.69996198
36.22259463
36.02346679
35.84992262
35.64281642
35.43336268
34.96560541
34.8033537
34.09650973
33.96499905
33.90144672
33.62064643
33.47802073
33.20736718
32.83468259
32.58302343
32.39692661
32.00341486
