417.9218228
353.1453198
268.54088
250.6936546
224.7620303
188.2822841
160.5154595
151.9745923
141.0343234
135.3539404
128.1586232
119.0566415
113.2760645
111.9789065
104.7494724
103.2581637
100.030611
96.95383962
92.98735517
90.90511434
89.87137067
86.72504996
82.68097517
81.04895074
78.77004968
76.56560257
76.43678386
74.79621353
73.59809056
71.92058718
70.7416467
69.75703239
69.26715981
68.06328596
66.28281428
64.67976353
63.89382647
62.32084444
62.19097075
61.29647059
59.19760919
59.01627413
58.15411659
57.3936384
56.44602533
56.14246757
55.93026693
54.94698608
54.51906114
53.71530152
53.67385616
52.63174359
52.0291945
51.2485393
51.02227915
50.57683658
49.46822359
49.28526668
48.42162584
48.1288247
47.47472644
47.12565295
47.0610825
46.58119316
46.05671127
45.85567344
45.18442835
44.64752039
43.83317428
43.68280845
43.21919754
42.88585504
42.62623758
42.07309871
41.49596582
41.18056882
40.89382082
40.4155672
40.25350047
39.9856913
39.55636891
39.14380575
38.79204441
38.43703108
37.84146713
37.78579108
36.97581871
36.85800946
36.37766883
35.98189923
35.71926038
35.38037768
34.95927732
34.83149828
34.76056812
34.25211574
33.39689249
33.18806554
32.84811116
32.43500275
