402.7025949
385.6650671
288.7878928
268.6417099
232.2945609
202.5731974
182.2676539
162.2264113
160.6699686
141.5892428
137.77011
131.4582939
115.9280472
114.9846507
104.3671572
97.31560038
95.44943139
92.08067465
89.23988458
87.88394497
83.71616739
81.80515373
77.913703
76.63345747
75.99974703
74.82462865
72.37457763
71.47058436
68.93665886
67.29365903
66.26957455
65.80784418
63.76757389
62.03406774
61.71415316
61.0072999
60.28257001
59.72245409
57.97999317
56.69808678
55.90504948
55.3209485
54.3340417
53.61209058
52.8913223
50.83406848
50.4489062
49.816207
49.29443531
48.4046195
47.53970604
46.3495749
46.12916376
45.19069564
44.17458171
43.52041134
42.99543047
42.09657518
41.57498188
40.77795949
40.44767396
39.76136236
39.60351673
37.40881099
37.12422191
36.17587232
35.71902129
34.63937949
33.98395396
32.85495681
31.93296321
30.11831054
29.90857203
28.41722866
27.02032991
23.62282233
0.07055729129
-nan
0.04322130773
0.04170553353
0.03973366451
0.03608056333
0.03314052756
0.03006025027
-nan
-nan
0.01748062915
-nan
0.01547073226
-nan
-nan
0.01420426457
0.01406304282
0.0138968974
0.01341318555
-nan
0.0129800296
0.01277450101
0.01106760883
0.01079883848
