412.3717844
347.0909432
253.8838392
242.8972934
218.2310618
194.4376968
175.6516948
158.1952348
144.2189881
136.73961
126.3093052
115.8843185
113.5844781
108.0126822
105.3263344
100.9050048
95.83606962
91.15414573
89.81072052
87.80351186
87.17698912
83.38305104
82.72050777
82.17186113
79.31493412
76.27974998
72.95435574
71.13004598
70.12930261
69.40603826
68.02978834
66.37703113
65.01559151
64.83920721
64.12596478
61.96762208
61.30808051
61.12028603
60.03424864
58.93405779
57.46947703
56.9074255
55.61002101
54.95980978
54.66654339
54.30822287
53.15613737
52.88694177
52.60821239
51.58395966
51.18749711
49.71274026
49.59169087
49.01978871
48.30282833
47.8672639
47.20243187
46.49883672
46.00151696
45.54370715
45.35197566
45.29957329
44.5066968
43.96374179
43.64069625
43.10497891
42.58974424
42.24235803
41.84059725
41.59119552
40.96695864
40.82253642
40.34680387
39.75083237
39.51614072
39.10627607
38.97566481
38.51717115
37.88951145
37.72370688
37.47595778
37.25854371
37.11780292
36.82271329
36.3119318
36.27091779
36.02673511
35.57096762
35.42273706
34.78930335
34.68900815
34.28743539
34.25620058
33.83770252
33.62405178
33.22471489
32.97030103
32.69514491
32.49326194
32.41882513
