478.668088
441.8754741
337.6772361
321.564515
291.5997515
266.1182788
237.5744325
230.2762417
212.7205053
187.6266683
0.05418967582
-nan
-nan
0.04182361787
0.04072536772
0.03985738693
0.03223203839
0.03194616444
-nan
0.02849444434
-nan
-nan
-nan
-nan
-nan
-nan
3.359388483e-06
-nan
-nan
-nan
2.176148641e-06
2.111957409e-06
2.136078248e-06
-nan
2.06654537e-06
-nan
-nan
2.055385017e-06
-nan
2.022862052e-06
2.018138616e-06
-nan
-nan
-nan
-nan
1.971936965e-06
1.964131679e-06
-nan
1.93870612e-06
1.955453102e-06
1.948657873e-06
-nan
-nan
1.938087441e-06
-nan
1.894737981e-06
1.90255453e-06
1.888491642e-06
-nan
-nan
1.871849439e-06
-nan
-nan
-nan
-nan
-nan
1.856582919e-06
1.851624708e-06
1.842725813e-06
1.843712292e-06
1.834572624e-06
-nan
1.823311389e-06
-nan
1.811705833e-06
-nan
-nan
1.788378665e-06
1.802236065e-06
-nan
1.795304564e-06
-nan
-nan
-nan
-nan
1.763547531e-06
1.755225496e-06
1.756025058e-06
-nan
-nan
1.743171311e-06
1.737898964e-06
-nan
-nan
1.720924883e-06
1.730869098e-06
-nan
-nan
1.721942075e-06
1.6287042e-06
