411.6246329
351.3533469
259.857053
232.1740592
219.1067545
195.3621361
173.5033642
152.7462744
145.7575594
135.2894628
123.7321336
114.9885083
113.2233852
104.9363748
102.6647194
97.46156107
94.11217128
89.42299005
86.6660177
85.87266619
84.21217111
82.69956085
80.01649745
79.5490788
75.63899676
74.22868623
72.56967571
71.2567447
69.02778935
68.15686621
67.10159077
63.94979937
62.93094748
62.04512599
61.40245656
59.9703022
59.55088245
58.31470192
57.53808186
56.57647266
55.55347013
55.23215531
54.60363787
53.2631762
52.90874788
51.95749294
51.25742564
50.81283235
50.68384355
50.09302345
49.58808051
48.57389494
48.00747323
47.35238233
46.99937755
46.85122246
46.0117931
45.64654043
44.76930893
44.38681619
43.65673952
43.10166696
42.79280767
42.6118059
42.05439707
41.9403202
41.55321906
41.26154988
40.69035674
40.32552033
39.96504298
39.86312615
39.3066959
38.88040196
38.48752266
38.25200993
38.01703818
37.62198958
37.44330111
37.37399449
37.05774294
36.62602366
36.00554122
35.89393414
35.76600372
35.44533421
35.38966667
34.96842202
34.63579109
34.34278757
34.03487063
33.6729183
33.57554558
33.24574838
33.12456311
32.97850446
32.88255831
32.43579478
32.28527093
32.07393747
