353.7321121
297.5471749
243.3564099
219.305166
162.3530012
159.693524
140.0251592
105.2544468
0.0440647761
-nan
0.03081167375
0.03006562227
0.02998286241
-nan
0.01678515611
0.01042407962
-nan
-nan
-nan
4.053698669e-06
3.117376201e-06
1.219890794e-06
1.158816929e-06
6.626795738e-07
4.11197534e-07
-nan
4.293422141e-08
-nan
2.768558456e-07
-nan
2.222975135e-07
-nan
2.755009684e-07
-nan
-nan
3.492275981e-07
6.281745279e-07
-nan
-nan
4.263394349e-07
-nan
-nan
-nan
8.927151593e-07
-nan
8.796340696e-07
2.138156128e-07
5.588984762e-07
-nan
-nan
5.728513811e-07
-nan
-nan
1.330213763e-07
-nan
-nan
1.510111611e-07
-nan
-nan
9.475490235e-08
-nan
8.922733245e-08
-nan
3.589327659e-08
-nan
-nan
1.212673847e-08
8.438715016e-09
2.755005732e-08
9.805023888e-09
3.731760634e-08
-nan
4.267399454e-08
1.078525254e-08
-nan
-nan
2.532723166e-08
5.346201138e-09
-nan
1.070751147e-09
-nan
2.16861452e-10
-nan
4.394594989e-11
-nan
8.905003161e-12
-nan
1.803947876e-12
-nan
3.681903975e-13
-nan
9.057678187e-14
2.864289338e-14
4.97379915e-14
6.726742267e-14
-nan
-nan
8.407255028e-14
1.183379009e-13
-nan
