424.984235
368.0237547
287.804079
241.0049283
235.309979
197.3677894
187.9348544
162.2118964
153.6001716
152.1839147
140.27365
134.6789343
126.8734724
124.6310863
119.9831534
114.3691043
113.0807973
111.8004492
106.7577343
104.0608058
100.7601796
98.24500592
95.05128938
93.44156671
88.77002228
87.2158033
85.25276006
82.45665478
80.92678646
79.5915454
78.02182705
76.69713624
76.15734103
74.88238953
73.73955904
72.49105733
70.56086482
68.5336897
66.48512803
65.60164478
64.97329199
62.94477654
61.95803413
60.76064838
60.2335237
58.42729536
56.3322408
54.55141342
53.61215434
53.36773102
52.63615771
50.70547793
49.00127898
47.62821157
47.03771974
46.53921517
45.3854191
44.23826656
43.13459627
41.78011619
39.74445043
0.07914788387
0.04108894374
0.03640473047
0.03291977264
-nan
-nan
0.02308634631
-nan
0.02157565197
0.02136481107
-nan
0.02025371762
-nan
-nan
-nan
0.01536629305
0.01490705609
-nan
0.01476548256
-nan
0.0139790228
0.01385487419
-nan
0.01275071796
0.01247005073
0.01242697563
-nan
0.0115947048
0.01158704528
0.01085186356
0.01083638473
0.0107054048
0.0105587777
0.01032992737
-nan
-nan
0.009887277671
-nan
-nan
