409.0533058
351.9725651
262.3979222
229.2438244
220.8703847
203.1383627
176.1461086
153.7201318
145.2592789
135.4748688
124.7581122
116.749372
113.1414627
104.685224
100.3005815
98.37313314
95.15123422
90.66420008
88.95623085
87.9088497
84.48163212
81.6248554
80.50922295
79.49794729
76.81191797
74.65194236
72.84960424
72.14122497
69.01886335
68.23317885
66.99256489
65.00693713
64.73539688
63.89094887
62.21779172
61.31868514
60.6047076
59.26318796
58.78026972
57.81030012
56.92510565
56.34652639
55.30950038
54.32690653
53.5953168
53.42380174
52.38486833
52.13424535
51.17198758
50.77667914
49.97675484
49.41291939
48.96713415
47.76734639
47.41221365
47.10403224
46.73286397
46.31628221
46.0699392
45.5354349
44.4813478
44.1650073
43.68111813
43.08025749
42.78826855
42.46911258
41.76381365
41.50914609
41.07755424
40.7189384
40.57710658
40.05698666
39.73219079
39.35093676
39.11575848
38.86178213
38.67811807
38.07074732
37.59623736
37.16869479
37.05028152
36.93172126
36.38950435
36.31878128
35.94226921
35.69532973
35.41708479
35.13659507
34.95865702
34.75802318
34.19033409
34.01447872
33.93112252
33.67617439
33.559254
33.24208765
32.87023229
32.81833089
32.35002767
32.20183278
