360.5807592
290.3773139
217.7479652
184.8596921
170.6934963
125.7347127
0.02417805135
-nan
0.01681068346
0.0144153172
0.01170000964
0.00831704326
5.031952817e-06
3.409162625e-06
-nan
2.421330091e-06
-nan
-nan
1.697124124e-06
-nan
1.621968503e-06
-nan
1.565404491e-06
-nan
1.516680522e-06
1.491150528e-06
1.484866927e-06
-nan
-nan
1.438948074e-06
1.456532419e-06
-nan
-nan
1.39082198e-06
1.361378975e-06
1.402174489e-06
-nan
-nan
1.358343256e-06
-nan
-nan
-nan
-nan
1.314340063e-06
1.320129118e-06
1.311752547e-06
-nan
-nan
-nan
-nan
1.245313663e-06
1.24242046e-06
1.250539049e-06
-nan
1.220043332e-06
-nan
-nan
-nan
-nan
-nan
1.201646816e-06
1.190340956e-06
1.169934832e-06
-nan
1.164480384e-06
1.165160441e-06
1.158099747e-06
1.164138297e-06
1.159217943e-06
-nan
-nan
-nan
-nan
-nan
1.113122204e-06
-nan
1.103496103e-06
1.098522858e-06
1.094017438e-06
1.092751065e-06
-nan
-nan
-nan
1.061270608e-06
1.071583219e-06
-nan
-nan
1.043823501e-06
1.04849897e-06
1.044416225e-06
-nan
-nan
-nan
1.037231796e-06
1.033514693e-06
1.023679439e-06
-nan
1.007945554e-06
-nan
-nan
