416.9970989
383.2411566
299.3681391
267.6744617
251.5850532
194.9973719
187.4341101
173.680327
163.6045029
144.7606599
138.2803157
131.1713895
126.1992608
117.1753335
115.030226
111.8962305
99.5897642
95.18943579
90.90911138
90.50216942
88.32851412
86.44948646
83.60276659
81.34239128
78.25611827
77.32339984
75.54877512
73.53416117
71.91031397
70.45469332
69.95048251
67.31041956
66.11846401
65.10868113
60.99682281
60.11322701
58.6713172
57.90325816
56.4272383
56.17718668
54.01384444
52.45350179
50.3618642
48.71063532
48.34828859
48.23400049
46.22275713
44.72163566
43.83209128
43.07772343
42.60271055
40.85799425
39.4144255
36.48283015
0.05367358864
0.04857036408
-nan
0.03780492153
-nan
0.02257682756
-nan
0.01966323207
0.01912270813
0.01680032618
-nan
0.01533299617
-nan
0.01505011256
0.01489812393
-nan
0.01474447065
0.01410112852
-nan
0.01383956929
0.01338321975
-nan
0.01213256337
0.01174102094
-nan
-nan
0.009527169671
-nan
0.009398946289
-nan
0.009084782799
-nan
0.007988710828
-nan
-nan
-nan
0.006451514651
-nan
0.006297067963
-nan
0.006130379136
0.006101837507
-nan
0.005507583226
0.005396171229
0.005196438762
