399.5366339
379.5974758
280.8622454
264.6595523
237.185636
199.3394385
178.2804903
166.624767
151.2598468
140.4769101
130.5646613
122.0137146
112.8398522
110.5475274
103.4826817
98.24237505
90.67363487
85.00421512
83.25155354
80.28287859
79.16825693
78.17775455
75.17077842
73.99901322
72.92660186
69.17331336
68.71279905
67.68925108
66.58437489
64.2637287
63.9927451
62.53884263
61.14758805
60.09492723
58.36186255
57.73881714
57.17385929
55.93860413
55.88943274
55.07286866
54.2769156
53.85045622
52.76166256
52.19500865
51.01753896
49.98880064
49.71279112
49.292119
48.4207483
47.90720711
47.59330162
46.92879408
45.98420476
45.65792074
45.3083883
44.70751388
43.98419446
43.03191082
42.91551577
42.62520198
41.82519019
41.30233174
40.56381222
39.88966709
39.07938197
38.80170305
38.02102476
37.85127501
37.28744165
36.39575833
36.23503339
35.59556238
35.02114202
34.60712437
34.14058044
33.58535918
33.49140184
33.20688463
32.50988848
32.25054399
31.71891267
31.41342894
30.80159824
30.10566411
29.96418858
29.63454584
29.08260725
28.64095842
28.51266274
28.28951702
28.09809327
27.09207675
26.83812233
26.45368627
25.29034511
24.97448272
24.66117773
24.41279262
23.8828596
23.81065296
