422.9067004
361.5527309
268.3165598
235.7085802
223.2905315
189.4963989
162.1951073
151.5909026
140.3463096
133.1049044
119.5401819
116.9632593
109.5941951
103.1329537
100.4678283
97.93950586
95.24189025
91.54066611
88.55914774
85.29096233
82.08181031
81.4142412
79.18285495
76.2949961
74.47207116
73.03029289
71.98978349
70.237596
69.40725643
68.80566445
67.53885767
66.43226453
65.64568634
64.17712314
62.22145368
61.46054816
59.50274482
59.11514381
58.09124424
57.17287438
56.6313921
55.91137982
54.23567038
53.53525935
53.19836415
52.35518278
51.69707624
51.40095334
51.05821413
50.38897952
50.05386043
49.07337899
48.43492366
48.08759835
47.89558832
46.74013312
46.47549787
46.27157406
46.13683236
45.11673111
44.53501678
44.31203219
44.29714721
43.92581012
43.12219698
42.81769528
42.47416492
42.17529009
41.7666835
41.54836481
41.26702475
40.62857184
40.37628941
39.92442844
39.69020364
39.2155528
38.76242648
38.67950361
38.34667831
38.03037825
37.73599108
37.41955352
36.86115638
36.69689038
36.38524499
36.15950545
35.89260933
35.48109537
35.28555319
35.18363252
35.01552477
34.7164548
34.54621946
34.36797863
34.11161084
33.7620575
33.52505575
33.4132664
32.90537565
32.84401181
