494.896959
-nan
1.136868377e-13
-nan
2.524354897e-29
2.524354897e-29
2.524354897e-29
2.524354897e-29
2.524354897e-29
2.524354897e-29
2.524354897e-29
2.524354897e-29
2.524354897e-29
2.524354897e-29
2.524354897e-29
2.524354897e-29
2.524354897e-29
2.524354897e-29
2.524354897e-29
2.524354897e-29
2.524354897e-29
2.524354897e-29
2.524354897e-29
2.524354897e-29
2.524354897e-29
2.524354897e-29
2.524354897e-29
2.524354897e-29
2.524354897e-29
2.524354897e-29
2.524354897e-29
2.524354897e-29
2.524354897e-29
2.524354897e-29
2.524354897e-29
2.524354897e-29
2.524354897e-29
2.524354897e-29
2.524354897e-29
2.524354897e-29
2.524354897e-29
2.524354897e-29
2.524354897e-29
2.524354897e-29
2.524354897e-29
2.524354897e-29
2.524354897e-29
2.524354897e-29
2.524354897e-29
2.524354897e-29
2.524354897e-29
2.524354897e-29
2.524354897e-29
2.524354897e-29
2.524354897e-29
2.524354897e-29
2.524354897e-29
2.524354897e-29
2.524354897e-29
2.524354897e-29
2.524354897e-29
2.524354897e-29
2.524354897e-29
2.524354897e-29
2.524354897e-29
2.524354897e-29
2.524354897e-29
2.524354897e-29
2.524354897e-29
2.524354897e-29
2.524354897e-29
2.524354897e-29
2.524354897e-29
2.524354897e-29
2.524354897e-29
2.524354897e-29
2.524354897e-29
2.524354897e-29
2.524354897e-29
2.524354897e-29
2.524354897e-29
2.524354897e-29
2.524354897e-29
2.524354897e-29
2.524354897e-29
2.524354897e-29
2.524354897e-29
2.524354897e-29
2.524354897e-29
2.524354897e-29
2.524354897e-29
2.524354897e-29
2.524354897e-29
2.524354897e-29
2.524354897e-29
2.524354897e-29
2.524354897e-29
2.524354897e-29
2.524354897e-29
2.524354897e-29
