394.5562376
382.1419698
277.0692388
263.3246043
239.0134966
201.2468847
179.9424164
166.3747084
151.7264879
142.4719091
131.7568017
124.4142361
115.3764074
108.3029996
101.5794249
99.6540264
91.15897053
85.95563772
83.09023129
81.84563551
80.3950513
78.32826506
75.20224177
74.09752422
72.88815733
71.01559895
69.2638789
68.11486959
67.26189118
65.58125811
64.50218909
63.03302747
61.26163175
60.65752611
59.54284439
58.78172883
57.59290175
57.42787066
56.59138155
55.99430931
54.23616203
54.09627556
53.09263165
52.7084962
51.22342912
51.21675483
49.90882689
48.93789172
48.44810346
47.96579707
47.32266896
46.6970373
46.32932207
45.45615613
44.89110827
44.51256178
43.33228061
43.21582225
42.25669517
42.10488891
41.17991507
40.78012788
39.75014237
39.44901146
39.08779377
38.36034895
37.728717
37.17466476
36.85914858
36.14977322
35.76931453
35.11434867
34.53489914
33.83594575
33.5102437
32.99848418
32.73576742
31.7320135
31.54487282
31.23083446
30.71550075
30.55176143
30.02077277
29.54640322
29.34721445
28.48668252
28.25544093
27.19901711
26.85350506
26.01707264
25.79046247
25.03863801
24.01419145
23.73652944
23.12570561
21.62880354
20.81166228
18.96599839
0.06101061419
0.05896876418
