339.8320156
323.1003418
276.5418432
219.3414936
203.0087124
153.0362726
149.4500733
131.9555134
99.12125911
0.05235772683
0.04425988203
-nan
-nan
-nan
0.02060932846
-nan
-nan
0.01336133882
9.576841406e-06
4.547404665e-06
-nan
-nan
3.342745115e-06
3.282975078e-06
-nan
2.436058854e-06
2.310517201e-06
1.90147826e-06
-nan
1.800341882e-07
8.393145048e-08
-nan
2.531782647e-08
2.28414334e-07
-nan
1.439703415e-06
-nan
-nan
4.877194678e-07
2.891276294e-07
5.293742288e-07
-nan
-nan
3.402145763e-07
1.761037642e-07
3.474048636e-07
-nan
1.375687559e-07
-nan
1.103087038e-07
1.159326004e-07
3.861064487e-08
-nan
8.715260751e-08
8.510429329e-08
-nan
-nan
1.457353189e-07
-nan
-nan
-nan
-nan
-nan
2.996954185e-08
4.06252144e-08
7.298634587e-08
1.091057336e-07
6.441030313e-08
-nan
3.958274476e-08
-nan
-nan
-nan
-nan
-nan
-nan
-nan
-nan
1.399628184e-08
-nan
8.165068426e-09
-nan
4.709170425e-09
-nan
2.68242693e-09
-nan
1.521917418e-09
-nan
8.623899346e-10
-nan
4.8847193e-10
-nan
2.766425041e-10
-nan
1.566678976e-10
-nan
8.872281744e-11
-nan
5.02445305e-11
-nan
