373.8835558
306.6445646
244.9736739
234.4469121
173.2916624
151.0646997
113.8734506
0.08410934235
-nan
-nan
-nan
0.02271487559
-nan
0.0160135729
-nan
-nan
3.03826221e-06
-nan
2.64400102e-06
2.08989868e-06
1.706208756e-06
-nan
2.919603504e-09
2.552034373e-08
-nan
8.335246591e-08
-nan
-nan
2.27017513e-07
-nan
3.585186676e-07
3.817053538e-07
-nan
4.873203334e-07
-nan
2.925555163e-07
2.256130871e-07
2.211870201e-07
4.400826594e-07
6.057065815e-08
1.171039438e-07
-nan
-nan
-nan
2.649183161e-07
-nan
-nan
-nan
1.081489238e-07
-nan
2.067763799e-07
-nan
-nan
1.046445362e-07
1.557884714e-07
-nan
9.170123621e-08
-nan
-nan
5.34655781e-08
9.352767175e-09
-nan
9.729385367e-09
-nan
-nan
5.018323963e-09
7.044763296e-09
9.622505435e-09
3.578205076e-09
-nan
4.287457275e-09
-nan
4.781872191e-09
-nan
4.748707151e-09
-nan
4.14848614e-09
-nan
3.320288389e-09
-nan
2.555928867e-09
-nan
1.940823519e-09
-nan
1.467367405e-09
-nan
1.107974612e-09
-nan
8.363108791e-10
-nan
6.312085064e-10
-nan
4.764048934e-10
-nan
3.595722467e-10
-nan
2.713950418e-10
-nan
2.048433923e-10
-nan
