428.42337
363.8875286
268.0016577
233.4951454
227.8444773
190.6179793
165.5849585
153.2417845
141.3883558
135.2012919
122.4740059
121.2713526
110.3221463
110.126761
101.1089567
100.6087306
96.7256579
94.45396571
92.22899052
88.88897368
85.48237203
82.23205275
80.33864111
77.96480546
75.93895504
75.34664344
74.15077429
72.3098657
71.53302739
69.1820485
68.49557317
67.49362231
66.93062129
65.76206181
64.38079295
62.83925055
62.04066593
61.72326454
60.48577999
59.59651343
58.21066335
57.27594996
56.69645417
55.90399211
54.89292701
54.42800454
53.7701004
53.27719903
52.38476597
51.24170664
50.6662357
50.05229432
49.72223775
49.24251885
48.90888542
48.76692632
48.42326241
47.86170193
47.55404963
46.80286307
45.9718667
45.85309129
45.47818652
45.03236697
44.42958347
44.10221114
43.44965571
43.15856827
42.91639725
42.36055817
42.18862685
41.751178
41.40905062
40.96247075
40.49034108
40.34982312
40.15251071
39.59269281
39.22654753
38.93590312
38.57390482
38.41811167
37.84049547
37.2235182
37.11372837
36.73974602
36.52282404
36.12136844
35.86342912
35.66688352
35.49864251
35.26233803
35.01537831
34.73818844
34.62560854
34.30481238
33.88538107
33.79774664
33.5388908
33.33718006
