423.1891157
340.3898225
261.66194
256.6320009
242.8168816
202.3749744
181.8251061
171.8169177
153.8251185
146.4622951
133.9881364
128.3547696
124.6553218
121.2091094
115.4088119
111.3784735
107.6193225
101.5581578
99.94845321
96.52429151
90.39364271
88.48745569
87.64737183
86.68146311
83.11069888
81.43029061
76.31153282
75.63969635
74.42851289
72.33870184
71.33327592
69.64055565
68.18734637
67.70873382
66.61624994
65.03007685
63.22586706
62.55314699
62.28370143
61.35350161
61.02396535
60.48376709
58.45681947
57.5421415
56.02475428
55.60685043
54.99337485
53.15590586
52.81367428
52.40200174
51.00484668
50.65463352
50.42314856
49.56716949
48.42152957
47.71778605
47.00863015
46.3160919
45.72846282
45.39259394
45.37690581
44.25668931
44.04861153
43.7723969
43.21261551
42.64638673
42.41573558
41.34465358
40.77067711
40.45543743
39.72687786
39.32349017
38.79454604
38.28798128
37.51633654
37.45271562
36.85972933
35.59332244
35.36942895
35.00744361
34.70528424
34.01387435
33.66732416
33.27630996
32.67225334
32.03043682
31.76093664
31.32683947
30.51780668
30.24800829
30.05593776
29.80527192
29.12192162
28.55495521
28.39148268
27.7004048
27.38587431
26.56035011
26.19064774
25.7059372
