1583.180172
1529.452352
1163.212504
1070.205775
978.2192677
828.4953893
736.6139097
714.4048562
647.472235
593.493844
553.1148455
539.4047599
495.1073347
475.1076592
434.3735772
431.0248948
411.6446392
392.4114043
370.1130238
358.1170028
347.7778508
344.4949788
338.7520953
323.970308
315.9029271
305.0119106
295.0252331
288.647824
282.5299539
281.8837022
276.742836
268.616382
267.2242896
262.6786562
260.2634179
253.5475298
251.024008
246.0751073
240.9563819
236.4054091
234.1676128
229.9094046
226.3015204
217.1167535
214.5651653
210.9588525
206.2912825
204.8194801
199.8623463
194.5753352
191.6785397
176.9747016
169.0953395
166.2081605
-nan
-nan
0.1603559787
-nan
-nan
0.11762912
-nan
0.08510025605
0.08422305609
0.08242595211
0.08089776044
-nan
0.07307143273
-nan
0.06191724881
0.06154192178
0.05954389537
-nan
0.05593345269
0.05474515997
0.05362184365
0.05126868813
-nan
-nan
-nan
0.04280659595
0.04257263892
-nan
-nan
-nan
-nan
-nan
-nan
-nan
-nan
0.03764530005
0.03744623335
0.03673114714
-nan
0.03329618018
0.03226058053
-nan
-nan
0.02675804114
0.02565256742
-nan
