1568.5854
1518.808111
1108.559264
1071.382436
966.657923
826.1415375
762.0108958
712.014162
625.571196
557.5745559
526.0466625
480.0973822
472.379616
452.256355
421.1186634
393.4947507
374.6086204
359.367278
340.9203834
333.8020694
323.1411393
314.5851238
310.4231409
303.5335812
299.2399413
288.5657203
284.3015087
279.9899656
273.8017328
268.6049497
260.9927816
257.8417174
249.4041648
242.0644074
238.6896769
231.258945
229.5074869
224.1533469
221.2240769
217.7257022
215.3085893
213.8475485
209.6708438
208.7641165
205.1167277
202.2121218
199.8336394
198.6860542
194.2565179
191.1612421
188.2517303
187.0222151
185.6115831
181.8537337
179.8488845
175.408886
173.2391244
170.652412
168.9716619
168.1645165
165.3223517
161.5033067
159.9915176
154.1886235
153.2982716
152.4656398
149.2989756
146.9509557
145.9951871
141.8619471
140.6699754
136.1892192
133.5951946
125.0426022
118.9041504
110.2321035
-nan
0.2772170341
-nan
0.1659786904
-nan
-nan
0.1262283819
0.1033374606
0.1020430815
0.09340046415
0.08242370264
-nan
-nan
-nan
-nan
0.05816461228
-nan
0.05675156355
-nan
0.05533370255
0.05461317219
-nan
-nan
0.0457188524
