1696.824695
1423.219491
1044.692772
949.6798651
893.6308403
754.2054251
641.7377018
616.2342794
571.3899975
540.8778568
497.8276465
474.0329763
432.1289126
418.5149547
398.1835142
387.2740143
379.9549491
373.0954749
348.2766453
339.794473
324.81885
320.9688767
317.2917126
304.7996597
295.0061022
284.7488556
281.622832
277.6613191
276.1771218
270.1730282
263.0703791
260.7005224
257.4805351
250.6699262
248.617558
242.0416837
237.7674826
232.5885039
229.0750447
224.6349485
220.3357445
219.4217005
213.4358434
210.8131577
206.3083603
204.4348628
203.1606875
201.5331643
198.1068371
196.260961
194.7661904
193.1881584
188.3474261
188.1815507
184.6454386
182.1994782
180.264239
178.4674388
176.4760427
174.8634356
173.7243379
172.3155683
169.6064501
168.6026628
166.9209626
165.117369
161.514073
160.5489718
159.7037336
156.9829404
156.6557975
155.1770721
153.8537464
153.2819568
152.1654968
151.4200136
150.2336109
147.9360256
147.1667832
146.8247407
146.0853353
144.7224691
143.8158373
142.1348402
141.5908417
140.0180148
139.3547289
138.7468619
136.972042
136.2432079
135.8781969
134.6984307
134.0473874
133.3171559
132.1850605
131.3779019
130.2539365
129.5123824
128.3090256
127.7855264
