1701.270575
1446.120813
1218.526581
1064.620819
891.4286082
794.0885627
759.2100023
686.1862244
648.2677966
624.9062443
600.6740561
560.5227098
541.2473628
525.8140052
512.2728638
508.0686382
478.0336727
461.8719852
453.5792044
439.2990824
435.3580919
419.2742865
409.5816631
396.0497954
391.3453892
383.7097692
380.2167506
372.9562245
366.6507363
355.0649478
345.3067247
339.6607597
329.3285267
321.6308603
300.4271559
290.4226174
282.8184485
267.2349388
251.1783295
239.355281
0.2613088476
0.1714058123
0.1692878736
0.1614139263
0.1426074809
0.1229296989
-nan
-nan
-nan
0.112404464
-nan
0.09585110969
-nan
-nan
0.08193033574
0.07366791641
-nan
0.0688894234
-nan
-nan
-nan
-nan
-nan
0.05731919158
-nan
-nan
0.0539091456
-nan
0.04499163435
-nan
0.04101421042
0.04086557046
-nan
0.03712761641
0.03613678488
0.0302315934
-nan
-nan
-nan
-nan
-nan
3.148057642e-05
-nan
2.524688739e-05
2.069154413e-05
-nan
-nan
-nan
-nan
1.385181597e-05
-nan
1.171645835e-05
-nan
-nan
1.030642706e-05
-nan
9.944348131e-06
-nan
9.103634917e-06
-nan
