1650.666039
1397.508251
1006.885879
973.4484063
889.3436415
849.2052835
755.3016832
722.724586
686.5348551
606.4254289
569.7356395
556.8287648
509.470125
498.9458275
478.8624238
470.8999225
449.3596707
421.6155145
417.8413197
411.0978371
389.1468103
380.7517082
363.9783167
357.0306444
354.1592058
345.5210592
327.9722158
321.7479506
320.2635902
309.7845172
308.5825289
294.8297288
291.2927625
286.5046325
280.7473901
276.237497
269.1412393
264.9483353
261.5059712
257.1187481
256.7827712
253.7997805
241.5643897
239.4268882
233.3650548
230.9382998
229.5547294
227.1907863
220.2955747
218.5509056
212.2289869
210.9281348
201.9722266
197.1777738
194.2673489
191.4305755
185.053685
182.3322111
175.9699417
173.1994656
169.0519213
157.2627778
0.347740098
0.2491803309
0.121290931
-nan
0.1164875348
-nan
-nan
-nan
-nan
0.1067871092
-nan
0.08716713953
-nan
-nan
0.07473915316
0.06569428517
-nan
0.06282748103
0.06133367399
-nan
0.05721487845
0.05663942263
-nan
0.05142476459
-nan
-nan
0.04615366582
-nan
-nan
-nan
0.04250726992
-nan
-nan
-nan
-nan
-nan
0.04000518228
0.03904938354
