1574.282454
1469.677913
1100.7895
1047.885019
917.4892034
798.4296265
728.6341353
679.5464216
601.2940691
568.5276144
524.3596537
493.7392853
455.0140658
448.1909062
415.95066
395.9982017
376.0145636
363.4639856
348.3763294
334.8404941
324.8475397
311.6568238
304.6575874
297.7051652
291.0705708
287.5736203
279.282763
276.1861325
271.2267828
266.6810881
260.0249915
254.1753198
252.2821796
250.1563363
241.3903318
237.6801839
237.0539654
227.9308009
225.5171482
223.9125134
219.6676989
215.4898412
211.4461472
209.8688453
206.861955
204.4556914
203.3282449
200.9636914
199.7307894
196.0613915
193.7826248
192.5743332
191.3529398
187.8730344
184.178217
181.5628536
180.782056
178.7904058
177.514451
175.467227
173.9225252
172.9084304
172.2062346
168.3352846
166.5558776
165.3162047
163.8311421
161.6445842
160.7730477
159.5912957
156.6745552
152.6365005
152.039041
151.1111451
149.4372507
143.6594339
143.025581
141.4499989
140.3203906
139.1491246
136.264114
135.3551903
132.0388607
130.7895867
128.6403644
127.9464888
125.9316671
122.9695113
122.632622
120.764695
119.4068401
115.5317598
111.2191146
108.291183
107.0248552
105.5468473
99.93320131
97.33833883
-nan
0.1498081951
