1677.238082
1466.987896
1036.869729
956.9482278
912.7576014
730.628147
657.1643372
611.9497015
571.7943959
539.3015772
497.8449564
482.2479881
440.7776044
417.9399543
406.0524037
392.3652684
386.9035638
376.5979535
357.6202689
344.7488094
334.6179739
331.5977227
318.6984197
308.8428577
298.179218
293.7713411
293.2126741
287.5008572
279.2516722
270.6268608
269.5802254
263.4319486
257.233541
253.2076064
246.9429393
242.7423821
239.7111565
236.8209007
234.7474931
231.7579654
228.1965151
226.3066276
221.9435617
217.162421
215.0765448
213.5711345
209.3186639
206.9189682
203.8689145
202.670058
201.2059407
200.6054962
196.6410904
194.7676894
192.3382385
188.9157754
186.3494266
185.5926704
184.0099673
181.2429946
178.2113084
177.2442386
174.3265535
174.2366598
173.1683387
169.9623769
168.6352021
166.6422291
164.8953504
163.6863539
161.0261263
159.5203564
158.4732543
157.6154944
157.2457563
154.8607532
154.4991791
153.0236227
151.9190079
150.7759065
149.742643
148.4421125
148.2673513
146.4631694
145.4034748
145.148482
144.5460039
143.3949684
141.849012
140.6749962
140.20809
139.1052622
138.8910232
137.6031371
136.1586445
135.5165855
134.4262141
133.8790563
133.0157327
132.2896265
