1615.90476
1374.147626
1013.433168
968.4755162
930.7025522
810.2529432
686.612348
671.5334135
599.1624658
564.89049
539.2335727
500.6226898
461.9286826
446.384467
427.1589388
412.088517
397.910857
384.6094696
360.8430356
351.2567344
345.2369039
332.0350774
325.2725533
309.0058189
304.4484589
297.5935865
290.0368667
279.970013
270.6092853
264.9082276
260.8666998
255.4978936
247.0657849
245.0966989
243.2090094
238.9713785
235.2329495
229.4425314
226.1590863
225.327281
220.65893
218.8083527
213.9485706
210.6940737
205.2936665
203.7182487
202.340503
200.4527968
197.626886
193.2987379
192.6823329
191.1768201
189.1933974
185.0617526
184.5752471
184.1736854
179.6063045
178.0769334
176.9780849
174.420544
171.1441427
170.229269
168.7743782
167.3482871
165.6888693
165.0695204
161.415823
160.9722242
160.0023369
157.9692591
156.8056125
156.5352235
154.6808864
152.7958102
152.3811661
151.8695112
150.3515855
149.6408381
147.2831459
146.0829737
145.7590591
144.6517527
144.0662174
141.9505581
141.4478297
139.7945015
139.719836
138.4131363
137.2227166
136.0966693
135.4772763
134.9435391
133.5919261
132.5678149
131.8301057
131.0880146
130.2217355
128.7299779
128.280582
127.6447852
