1579.168021
1362.404668
1024.617672
1018.016787
929.2749319
819.1108961
688.2455604
660.2300126
595.9844687
590.91581
544.2523641
520.7164506
469.5653647
443.5202459
430.1421772
418.737462
402.605159
397.9106884
379.5260716
364.9387072
347.1819669
339.0767858
325.4577137
322.1830096
314.82603
310.6363093
300.7004016
293.9631578
289.468044
282.3930575
274.6478637
268.843426
265.5268698
258.1805418
255.3655323
248.7088475
247.0503282
242.758259
239.5543338
236.7814319
231.1854211
226.5480976
223.2559324
219.7709879
215.5314882
212.7470298
210.3838364
208.5460891
207.9524227
204.3868824
202.426429
199.6892425
196.9710334
195.7854228
192.7838814
189.679636
188.2509283
186.3998516
184.8962519
184.235887
182.0820424
179.1747723
177.8685476
177.674043
172.6428222
171.8651891
171.0544268
168.9525607
166.1537067
165.6920555
164.5819699
163.024917
162.2749243
159.9941442
158.4030077
156.9622692
156.3677695
154.4085535
153.4117538
152.3228009
150.1160242
149.7824828
148.9727468
147.4664729
146.0144048
144.73968
143.2359936
142.4308235
141.919906
140.7220197
139.5855891
138.5911158
137.8363968
135.4226539
134.8175449
133.8212687
133.1466167
132.6322776
129.5895539
129.2457561
