1855.630579
1705.556351
1512.214685
1279.075419
1127.586495
1067.145617
982.4286302
929.2799692
844.2326471
814.417426
0.3081024822
0.2304476656
0.228664951
-nan
0.1305772184
0.1158352469
0.1116142711
0.105307914
-nan
0.06492636198
7.257297916e-05
-nan
3.402988089e-05
-nan
1.903768068e-05
-nan
1.65270688e-05
-nan
1.222998708e-05
-nan
-nan
-nan
-nan
-nan
1.214688274e-06
-nan
-nan
-nan
2.74362472e-06
9.357104049e-07
-nan
2.230131275e-06
-nan
-nan
-nan
2.201525332e-06
1.663338697e-06
4.018444752e-06
-nan
2.011984389e-06
9.864883721e-07
7.961631273e-07
-nan
-nan
1.878498618e-06
-nan
-nan
4.325935919e-07
1.398528415e-06
-nan
2.182048354e-07
-nan
1.379735822e-06
-nan
1.049862452e-06
7.193821391e-07
-nan
-nan
-nan
1.914480908e-07
4.057235312e-07
2.819983688e-07
-nan
3.559986971e-07
1.90854612e-07
4.582719166e-07
2.560850917e-07
4.38533513e-07
1.961620726e-07
-nan
-nan
2.79676943e-07
-nan
-nan
3.606905407e-08
1.880336628e-07
-nan
2.039924208e-07
-nan
7.33684065e-08
-nan
-nan
3.08182012e-08
-nan
1.719092756e-08
-nan
9.324390351e-09
-nan
5.029288156e-09
-nan
