1720.973483
1403.182439
1078.546966
941.5646735
871.8745457
788.9986854
670.9026784
630.7675718
586.8485529
533.9428071
504.9312206
486.9407477
447.6870183
439.4566245
421.912088
405.502956
398.7257291
386.1904837
375.0202607
358.4115857
351.0568713
346.855943
330.9366737
324.2512363
307.5842015
302.6395352
296.8928622
290.0445832
284.9555326
275.7787669
267.6826348
265.0453131
262.5024325
260.716114
253.5820247
250.7629689
247.3098767
240.7479471
237.2091577
235.7747543
233.5873437
227.6292403
225.7231454
223.8020783
218.986776
217.1310972
214.4164363
213.0137563
210.1089551
206.8120003
203.0344322
200.4424034
199.2500849
197.0503717
195.1544826
191.8898733
190.7332564
188.3591373
186.2569928
186.0235235
181.3615573
180.5945283
179.8031443
178.3492262
177.9416057
174.6618243
173.1451268
170.7612908
170.2411561
166.7793279
165.7344598
165.1963391
164.656462
161.9991593
161.7951444
158.5340598
158.5008224
157.7858012
157.0807505
155.2832912
154.4503421
152.8048799
150.8325079
150.4497406
148.7521224
148.1922687
147.1422608
146.307437
144.2759755
143.9443175
142.2289629
141.3174235
140.3261942
139.2470877
139.1610326
138.5013937
137.4703881
137.0818035
136.473994
135.6387638
