1650.413073
1555.605897
1184.608381
1111.933725
991.3467819
935.6307823
819.2846284
765.7827476
686.0976861
644.1235514
587.1354148
554.468385
529.755848
492.0562288
460.1384393
442.9503256
419.6682237
403.799876
398.018449
387.1852611
378.2519804
368.0205594
361.5198421
348.6552903
341.5625009
329.0947251
322.0114315
312.0553365
298.7825812
293.3623525
248.7328644
210.1797675
0.2512041552
-nan
0.1701526613
0.1528427178
-nan
0.1260814256
-nan
0.09231092949
-nan
0.08433086561
-nan
0.08114032014
-nan
0.06749057305
0.06656620052
0.06483580262
-nan
-nan
0.06013551921
0.06010812909
-nan
0.05118365394
0.05017771889
0.04960012501
0.04650590405
-nan
0.04222063501
-nan
-nan
0.03348335818
-nan
-nan
6.10898879e-05
-nan
2.943539652e-05
2.761399987e-05
2.527361974e-05
-nan
2.10423975e-05
2.098104026e-05
1.51908248e-05
1.471129445e-05
-nan
1.203226777e-05
1.126457211e-05
1.023377307e-05
-nan
-nan
-nan
-nan
-nan
7.843897814e-06
7.57296511e-06
7.082885393e-06
-nan
6.721104031e-06
6.286151201e-06
-nan
5.780014403e-06
-nan
2.906561222e-06
-nan
1.978543592e-06
-nan
-nan
1.139920299e-06
6.46926073e-07
-nan
