1616.517323
1386.885022
1033.811488
962.2456672
924.594294
801.5049789
687.2456725
657.8857005
595.8871593
571.9444091
543.4613852
508.8986346
468.4104833
441.0055027
433.1028173
406.0731634
404.4800958
390.5260637
369.2277157
356.2705203
345.6293665
328.7264628
321.6093741
317.3199656
306.2793281
299.5241082
291.3625316
285.9991345
275.1498449
269.089813
265.2856239
260.6080357
254.2937909
247.2707196
241.7416959
240.9756604
238.2434815
234.9883142
233.2546664
228.3777313
225.2960144
220.5670001
218.6548235
216.3741985
209.7745964
206.3874241
205.8050595
202.6185094
200.7029316
197.5308301
195.8238396
194.8598916
191.5619538
189.7219044
187.9563572
186.4020455
184.0732311
182.9175246
180.4677525
178.8628837
176.2935635
173.3553094
172.499355
171.5329092
169.3748144
166.7982862
164.5205794
163.8108631
162.6911279
162.0741898
160.2500313
158.8308658
156.8396636
156.237906
155.8555864
153.6961078
152.9409414
151.7534574
150.6514316
150.1810643
148.8079502
146.7465755
145.2857459
144.4431837
143.7054419
142.4963661
142.2283779
140.8895623
139.416426
137.9299171
137.2216331
136.3104558
136.0671955
135.1544382
134.6090682
133.5878867
131.7792231
131.0797136
130.6935173
130.1075023
