1720.18175
1474.533508
1067.812351
942.7323877
917.9839818
743.9590242
682.9238506
640.7580876
605.1837357
570.1615503
519.7537741
472.8500748
462.6613914
446.5966784
419.8843214
407.0642895
400.456154
387.3172654
382.1149426
374.8081907
365.3681839
348.5795142
340.662372
338.3224272
325.5748139
320.911072
314.757794
307.5440335
299.0550567
290.5680877
289.7794067
285.0022494
283.2237858
279.5938539
274.4163878
271.6576788
268.3044477
266.4637083
258.3863002
255.4915409
250.1100936
243.9597511
243.0505882
240.7227251
240.3155941
234.1931751
230.6519144
228.8265103
226.8938582
221.6253913
219.6533736
218.1838701
214.1438441
210.7081229
209.3820463
207.7796683
205.7275376
204.6507028
199.959546
198.5719948
196.852043
194.027406
191.4646426
190.0162061
189.6125316
188.1008055
185.130354
184.2121113
182.1617278
181.3376727
179.7727959
177.6193486
174.9072889
172.7803541
171.5349043
168.3850974
167.9418141
166.9222416
165.5277144
163.082988
160.9836613
159.6058887
158.3902722
156.5213321
155.305705
154.5796992
153.0596312
150.8634758
148.9034289
148.3409784
146.9337303
145.479334
144.3314469
143.6277216
141.3709821
140.5368117
138.4364205
138.1824961
136.8859427
135.0625553
