1687.547556
1433.846367
1041.047939
949.2917283
895.488395
747.2387992
646.5842965
608.7592838
566.890802
539.6863112
495.4336198
469.9215928
434.3536943
415.8253519
396.2310131
383.2546043
380.5651333
369.8214
347.9802938
338.8723744
327.905534
319.3103406
318.4879662
302.5700412
294.1307189
284.6650574
279.2184572
275.0153627
273.9904515
266.531738
261.5108195
258.385669
251.1151169
248.7464276
243.8363263
240.153047
234.9964638
231.3871176
225.4411579
224.2074542
219.3420294
215.254823
211.6224596
210.6550134
205.0674734
203.4236472
201.7670224
200.6609809
197.1402512
196.3981785
192.5892885
190.9851606
186.3784927
185.0395781
183.8175224
181.1316667
178.4361023
177.1976958
175.6887677
174.7446089
172.5767373
170.0382956
168.4286906
166.7264818
166.1482464
162.477212
160.3014039
158.4271219
157.3115209
155.8723377
154.1248579
152.9670564
151.7074356
151.1087572
149.5601692
149.2978946
148.4810649
146.897291
145.7501261
145.1550847
145.027576
143.1168423
142.6711977
141.7558937
141.1075822
139.2362513
138.3425099
136.8359461
135.9871163
135.2947843
134.7901302
134.0963777
133.3727646
132.6029165
131.1113963
130.5006759
130.22926
128.5914464
127.8902767
126.0745328
