1578.348136
1477.972223
1118.915023
1059.236293
951.5203045
798.1379244
723.4029977
693.1482934
593.0476229
566.0544815
515.5956866
479.7813192
452.9384732
435.3794686
412.3554694
385.4689903
364.8930128
349.4019779
335.4035837
321.3384659
318.4597907
304.8399401
293.0961746
287.4998142
285.7749457
275.8176919
271.1784171
268.997971
259.6826848
257.0588629
251.4578735
248.7383361
245.4401866
241.4732106
237.0998977
228.8115997
227.8681054
223.6827276
220.535707
215.6636546
214.3529906
208.6821017
206.0922092
204.9023264
202.6340645
201.6089005
197.1558338
195.3637644
192.9602889
189.7939585
188.6179965
188.0734868
185.5258073
183.7916319
182.3657823
178.9109518
177.1553878
175.5529286
173.8730175
172.0248198
170.0575089
168.3199257
167.1294539
166.4458502
164.4992526
162.7781548
160.0614514
159.369791
158.2295595
156.2695991
155.6477736
154.1755766
151.8329435
150.5711631
146.9664533
145.9317906
144.1589604
143.0456095
141.2696716
140.3591879
139.9067301
138.4031573
135.3695977
134.0589761
133.7769754
132.7495135
130.8302689
128.595834
127.5500573
125.1594027
124.0802389
121.8685544
120.5267568
119.6312706
117.4537896
115.8618031
114.9674633
113.99002
112.5061193
110.3982048
