1695.717737
1395.616853
1059.244919
980.0392936
940.6840288
857.2593946
738.336064
687.3597156
604.3635249
591.6160165
570.3110143
524.5621507
511.1870668
465.536367
445.7913402
434.370662
424.6817437
415.4488534
374.2093277
365.0848407
362.4193791
357.9989296
348.6957402
342.5967106
333.0677172
316.4581472
309.6690346
306.0045352
297.491952
291.7965201
284.1277327
277.0129589
271.7218849
266.690079
263.6474244
256.0365188
252.9020728
247.6125403
243.703382
239.8867543
237.9479071
232.9838817
230.3199535
229.5982974
226.3671936
225.8922595
219.5185309
213.9194914
211.7930865
208.1080404
206.5025742
204.8171526
203.2963634
199.8354053
199.2725777
196.6051174
194.5861491
192.2851413
188.350717
184.9976614
184.2063897
182.2404036
181.5509769
179.8078476
178.9950697
176.8458338
174.875613
173.4488441
171.821094
170.9132185
168.4629981
165.5142225
163.4958428
162.0835927
159.7497868
159.358926
156.8365431
155.2911729
154.8335896
151.4281721
150.1985669
149.9196687
147.2595933
146.4326259
144.8819362
143.2623704
140.7737131
138.3530812
136.0786188
135.3735983
134.0079179
131.7823066
130.743686
128.67761
125.9479501
123.5259287
120.746602
119.8206191
116.9222583
116.2869073
