1917.08446
1421.332054
1289.542477
1138.415648
1080.530499
985.064737
843.5258568
825.3051512
771.4166027
736.6679862
704.658033
669.1318736
647.3151142
598.7108939
597.2934459
575.5508355
542.5927111
520.8639912
486.7846264
410.8189626
0.2800607798
0.2492446425
0.238893974
0.2226236761
0.1871396241
0.1735624171
-nan
-nan
-nan
-nan
0.1195196974
0.1153750627
0.1115616843
-nan
0.08264982279
0.08025401513
0.07722906081
-nan
-nan
0.03568602984
-nan
4.229331372e-05
3.178494627e-05
2.98422257e-05
2.894401013e-05
-nan
-nan
-nan
-nan
1.902835182e-05
1.518284537e-05
1.27892514e-05
-nan
9.954802712e-06
-nan
-nan
-nan
7.902875035e-06
-nan
5.009677802e-06
-nan
3.719204911e-06
1.707546477e-06
1.872627103e-06
1.408116993e-06
-nan
-nan
-nan
2.490103423e-06
-nan
6.777805449e-07
-nan
-nan
-nan
-nan
-nan
3.523790229e-06
1.874703312e-06
1.054929137e-06
-nan
-nan
5.864519339e-07
1.400600765e-06
-nan
3.14240222e-07
-nan
-nan
4.403846674e-07
-nan
9.184987108e-08
7.995493465e-08
-nan
3.988957223e-08
-nan
-nan
1.360568985e-07
-nan
-nan
-nan
-nan
