\BOOKMARK [1][-]{section.1}{Introduccion Teorica}{}% 1
\BOOKMARK [2][-]{subsection.1.1}{Factorizacion QR}{section.1}% 2
\BOOKMARK [3][-]{subsubsection.1.1.1}{Given}{subsection.1.1}% 3
\BOOKMARK [3][-]{subsubsection.1.1.2}{Householder}{subsection.1.1}% 4
\BOOKMARK [1][-]{section.2}{Desarrollo}{}% 5
\BOOKMARK [2][-]{subsection.2.1}{Archivo de entrada}{section.2}% 6
\BOOKMARK [3][-]{subsubsection.2.1.1}{Explicacion}{subsection.2.1}% 7
\BOOKMARK [2][-]{subsection.2.2}{Archivo de salida}{section.2}% 8
\BOOKMARK [3][-]{subsubsection.2.2.1}{Explicacion}{subsection.2.2}% 9
\BOOKMARK [2][-]{subsection.2.3}{Factorizacion QR}{section.2}% 10
\BOOKMARK [3][-]{subsubsection.2.3.1}{Explicacion}{subsection.2.3}% 11
\BOOKMARK [3][-]{subsubsection.2.3.2}{Pseudocodigo}{subsection.2.3}% 12
\BOOKMARK [2][-]{subsection.2.4}{M\351todo Uno: Usando Cuadrados M\355nimos}{section.2}% 13
\BOOKMARK [3][-]{subsubsection.2.4.1}{Cuadrados M\355nimos: General con Funciones Normales}{subsection.2.4}% 14
\BOOKMARK [3][-]{subsubsection.2.4.2}{Cuadrados M\355nimos: Nuestro trabajo QR????}{subsection.2.4}% 15
\BOOKMARK [1][-]{section.3}{Experimentacion}{}% 16
\BOOKMARK [1][-]{section.4}{Resultados}{}% 17
\BOOKMARK [1][-]{section.5}{Apendice}{}% 18
\BOOKMARK [2][-]{subsection.5.1}{Metodo de compilacion}{section.5}% 19
\BOOKMARK [2][-]{subsection.5.2}{Equipo de pruebas}{section.5}% 20
\BOOKMARK [2][-]{subsection.5.3}{Referencias bibliogr\341ficas}{section.5}% 21
