\BOOKMARK [1][-]{section.1}{Introducci\363n Te\363rica}{}% 1
\BOOKMARK [2][-]{subsection.1.1}{M\351todo de la Potencia}{section.1}% 2
\BOOKMARK [2][-]{subsection.1.2}{Deflaci\363n}{section.1}% 3
\BOOKMARK [1][-]{section.2}{Desarrollo}{}% 4
\BOOKMARK [2][-]{subsection.2.1}{Archivo de Entrada}{section.2}% 5
\BOOKMARK [3][-]{subsubsection.2.1.1}{Explicaci\363n}{subsection.2.1}% 6
\BOOKMARK [2][-]{subsection.2.2}{Archivos de salida}{section.2}% 7
\BOOKMARK [3][-]{subsubsection.2.2.1}{Autovalores}{subsection.2.2}% 8
\BOOKMARK [3][-]{subsubsection.2.2.2}{Tiempos y porcentajes de acierto}{subsection.2.2}% 9
\BOOKMARK [3][-]{subsubsection.2.2.3}{Standard output}{subsection.2.2}% 10
\BOOKMARK [2][-]{subsection.2.3}{M\351todo de la Potencia}{section.2}% 11
\BOOKMARK [3][-]{subsubsection.2.3.1}{Explicaci\363n}{subsection.2.3}% 12
\BOOKMARK [3][-]{subsubsection.2.3.2}{Pseudoc\363digo}{subsection.2.3}% 13
\BOOKMARK [3][-]{subsubsection.2.3.3}{Ejemplo}{subsection.2.3}% 14
\BOOKMARK [2][-]{subsection.2.4}{Deflaci\363n}{section.2}% 15
\BOOKMARK [3][-]{subsubsection.2.4.1}{Explicacion}{subsection.2.4}% 16
\BOOKMARK [3][-]{subsubsection.2.4.2}{Pseudoc\363digo}{subsection.2.4}% 17
\BOOKMARK [3][-]{subsubsection.2.4.3}{Ejemplo}{subsection.2.4}% 18
\BOOKMARK [2][-]{subsection.2.5}{Reconocimiento de caras}{section.2}% 19
\BOOKMARK [3][-]{subsubsection.2.5.1}{El vecino m\341s cerca}{subsection.2.5}% 20
\BOOKMARK [3][-]{subsubsection.2.5.2}{Centros de masa}{subsection.2.5}% 21
\BOOKMARK [2][-]{subsection.2.6}{Algoritmo Principal}{section.2}% 22
\BOOKMARK [2][-]{subsection.2.7}{Demostraciones}{section.2}% 23
\BOOKMARK [1][-]{section.3}{Experimentaci\363n}{}% 24
\BOOKMARK [1][-]{section.4}{Resultados}{}% 25
\BOOKMARK [2][-]{subsection.4.1}{Experimentaci\363n con Imagenes Reducidas}{section.4}% 26
\BOOKMARK [3][-]{subsubsection.4.1.1}{M\351todo 0: Utilizando AtA}{subsection.4.1}% 27
\BOOKMARK [3][-]{subsubsection.4.1.2}{M\351todo 1: Utilizando AAt}{subsection.4.1}% 28
\BOOKMARK [2][-]{subsection.4.2}{Experimentacion con Imagenes Full}{section.4}% 29
\BOOKMARK [3][-]{subsubsection.4.2.1}{M\351todo 0: Utilizando AtA}{subsection.4.2}% 30
\BOOKMARK [3][-]{subsubsection.4.2.2}{M\351todo 1: Utilizando AAt}{subsection.4.2}% 31
\BOOKMARK [2][-]{subsection.4.3}{Conclusiones:}{section.4}% 32
\BOOKMARK [1][-]{section.5}{Ap\351ndice}{}% 33
\BOOKMARK [2][-]{subsection.5.1}{Enunciado}{section.5}% 34
\BOOKMARK [2][-]{subsection.5.2}{Generador de Tests}{section.5}% 35
\BOOKMARK [2][-]{subsection.5.3}{M\351todo de compilaci\363n}{section.5}% 36
\BOOKMARK [3][-]{subsubsection.5.3.1}{M\351todo 1}{subsection.5.3}% 37
\BOOKMARK [3][-]{subsubsection.5.3.2}{M\351todo 2}{subsection.5.3}% 38
\BOOKMARK [2][-]{subsection.5.4}{Script para correr casos}{section.5}% 39
\BOOKMARK [2][-]{subsection.5.5}{Equipo de pruebas}{section.5}% 40
\BOOKMARK [2][-]{subsection.5.6}{Referencias bibliogr\341ficas}{section.5}% 41
